36
SlidesNextv2
JenZ PhilippH
ShoppingProv8
FionaN PhilippI
DuoZv4
ThomasK SundarP LarryX FionaJ PhilippK RuthX ThomasM
GameLitev8
PhilippP PhilippK MatasW SergeyN
DuoZv2
PhilippY SundarP FionaF
AndroidAutoZv2
PhilippH JenK PhilippI LarryX SergeyU
MapsProv8
HiroshiW SergeyT BakhodirD
FuchsiaXv6
SergeyV SundarA
StreamXv9
LarryO
SmartSv2
FionaF BakhodirW PhilippK BenjaminT FionaN
SmartLitev9
JenZ ThomasK PhilippP
MarsUltrav8
PhilippI SergeyU SusanQ PhilippP StefanQ BenjaminT RuthX BakhodirG MatasW
WearOSLitev5
NellyY BakhodirD TatiyanaC JenK PhilippI
GlassOSLitev9
FionaJ BakhodirG SundarA PhilippK HiroshiF PhilippH
StreetViewXv1
TatiyanaC JenK FionaF
ReleaseUltrav1
FionaJ BakhodirD
GameProv3
PhilippY
ResearchXv8
SundarP ClementM BakhodirW JenK ClementE
ChromeNextv7
SergeyV BakhodirD PhilippY
AndroidTVMaxv5
HiroshiF SundarP PhilippK
SitesSv1
SergeyU ClementL
ChromeOSLitev3
PhilippP HiroshiW PhilippY
DocsNextv2
SundarP JenK ClementL
ExploreUltrav8
BakhodirD ClementM SergeyV HiroshiF FionaJ SusanQ ClementE
GameProv6
LarryO SusanQ StefanQ
WebserverProv6
PhilippP
StreamXv6
BakhodirW JenK SergeyN ClementM FionaJ
BuildMaxv1
MichalB RuthX NellyY BakhodirG SergeyV
FeedBurnerMaxv3
TatiyanaC LarryO
ClassroomMaxv2
TatiyanaC SusanQ
DaydreamLitev7
BakhodirW
ConnectLitev9
SundarA
MarsLitev5
BakhodirD TatiyanaC
ShortsNextv7
FionaF PhilippY HiroshiF
MarsXv1
HiroshiF FionaJ MichalB MatasH
CastOSProv6
BakhodirD
