54
FormsUltrav3
ThomasL MatasF HiroshiI NellyU StepanG PetarN TatiyanaA StepanO
ChartsMaxv5
HiroshiR StefanY MichalY SusanK FionaT
SearchUltrav8
SergeyG PhilippI HiroshiL
AssistantMaxv9
ThomasQ
BuildProv1
TatiyanaT
ChatLitev6
NellyV MaxM NellyD ClementI ThomasO StefanH ThomasE PrabhakarB PetarJ SusanY StepanK LarryC
CastOSSv6
SusanH HiroshiI HiroshiT
LearnProv8
JenI
MoonUltrav4
LarryN
SantaTrackerProv9
PrzemekV
BloggerProv9
ThomasE
AndroidTVLitev7
StepanJ LarryO JenE TatiyanaZ MatasH NellyM BakhodirM PrzemekM StefanA
CurrentsProv2
StepanJ
StreetViewXv9
ThomasN StefanX MaxH ThomasU NellyI
ReleaseLitev7
RuthT SergeyW FionaV MaxO
CodeZv4
SusanR BenjaminR
ClassroomXv9
LarryG StepanK
ScholarZv1
SusanR MichalQ PrzemekP LarryU
FeedBurnerLitev8
SundarX BenjaminL PrabhakarE
FinanceXv5
ClementV
DaydreamMaxv4
ThomasQ
CurrentsProv7
SusanT
ScholarXv6
SundarD StefanK PrabhakarC LarryJ RuthB SundarA RuthF JenL MatasK BakhodirG JenR TatiyanaP
CalendarLitev5
ThomasN TatiyanaO PrabhakarB BakhodirA
MoonXv3
SergeyY PetarM
CollectionsUltrav9
StefanK SundarA
TravelUltrav3
PetarR JenE
StreetViewMaxv8
PetarA
KeepXv1
PrabhakarA
TravelProv6
PhilippJ
PixelProv1
MatasF
FinanceMaxv7
LarryN StepanU HiroshiL ThomasT SusanT
ConnectXv3
StefanG
FuchsiaProv7
BenjaminJ ClementI BakhodirQ
GroupsZv8
BakhodirL PetarI TatiyanaC MichalV ThomasE
LoggingXv4
SergeyJ BakhodirF MaxK
NewsMaxv1
TatiyanaT
DatasetSearchLitev6
PrzemekP MaxA BenjaminJ ClementJ TatiyanaC SundarI PhilippK PetarN HiroshiM
DataSv9
FionaK RuthF TatiyanaX MaxA PrabhakarA SundarX BenjaminN TatiyanaG BakhodirD PhilippJ
SkyProv4
MichalZ ThomasQ
ChromeLitev4
LarryU MichalY PrabhakarA
StreetViewXv2
StepanJ PrzemekF PetarM
DocsUltrav2
BakhodirB NellyM ClementA NellyW PrzemekM PrabhakarM FionaA JenL
SkyZv5
SundarM
CurrentsXv1
BakhodirF
PatentsMaxv2
PhilippO NellyU MatasR MatasP TatiyanaO RuthJ MichalV BakhodirG ThomasE LarryC
AndroidAutoZv1
PetarV HiroshiL
SheetsZv4
RuthF SergeyR
MapsNextv5
PrzemekR FionaZ
CollectionsProv5
HiroshiT SundarD MaxE
NewsXv5
SundarV PrzemekH
VoiceZv6
HiroshiQ HiroshiL
KeepNextv4
PrabhakarN
ClassroomSv2
RuthX
