25 213 271 156 141 265 75 181 119 85 257 207 276 273 74 177 292 287 87 221 171 5 72 7 45 230 
26 242 33 259 12 180 293 10 111 216 212 101 11 43 50 42 70 142 123 133 97 91 269 195 220 86 286 
13 256 112 0 114 121 54 143 261 84 274 51 122 66 
20 68 285 272 63 80 151 197 19 92 297 202 136 215 61 163 210 8 165 253 291 
17 59 282 288 106 201 126 104 89 214 295 103 281 124 139 76 247 46 
29 296 185 152 96 98 258 94 154 284 245 73 83 208 14 71 298 158 137 40 23 194 28 251 168 134 38 280 166 17 
12 196 48 294 289 102 218 262 200 264 169 187 53 
19 95 243 219 205 1 249 204 107 65 277 6 2 248 3 278 193 175 115 24 
23 127 16 140 223 224 15 226 21 148 162 35 62 217 138 32 145 188 235 30 129 254 118 172 
13 13 160 150 266 236 234 130 52 100 183 56 268 222 
20 161 244 49 233 116 203 27 146 190 125 209 105 120 44 255 22 34 191 64 199 
12 290 135 18 164 132 29 147 109 4 55 246 211 
16 206 25 260 131 67 176 20 238 31 9 229 117 263 231 99 299 
22 170 155 39 241 228 174 237 159 82 153 252 37 78 36 179 232 77 279 275 225 267 270 
7 283 240 178 60 144 47 41 
10 113 69 79 88 184 173 186 90 26 93 
14 149 189 198 239 81 167 58 157 57 108 192 128 182 110 
2 250 227 
0  
0  
0  
0  
0  
0  
0  
0  
0  
0  
0  
0  
0  
0  
0  
0  
0  
0  
0  
0  
0  
0  
0  
0  
0  
0  
0  
0  
0  
0  
0  
0  
0  
0  
0  
0  
0  
0  
0  
0  
0  
0  
0  
0  
0  
0  
0  
0  
0  
0  
0  
0  
0  
0  
0  
0  
0  
0  
0  
0  
0  
0  
0  
0  
0  
0  
0  
0  
0  
0  
0  
0  
0  
0  
0  
0  
0  
0  
0  
0  
0  
0  
