1 7468 
1 2591 
1 8227 
1 7227 
1 4796 
1 9504 
1 7948 
1 2418 
1 7206 
1 3202 
1 2736 
1 2573 
1 9927 
1 4887 
1 5982 
1 8890 
1 1855 
1 9459 
1 7110 
1 8563 
1 3560 
1 1880 
1 7716 
1 6517 
1 2660 
1 2176 
1 1817 
1 9287 
1 9121 
1 8670 
1 4027 
1 1135 
1 5991 
1 7433 
1 2384 
1 2581 
1 5071 
1 7325 
1 6527 
1 4471 
1 5903 
1 8967 
1 3647 
1 5480 
1 1000 
1 5091 
1 1339 
1 7581 
1 3539 
1 203 
1 6544 
1 476 
1 7632 
1 7013 
1 978 
1 3321 
1 2528 
1 306 
1 6686 
1 2718 
1 2887 
1 2053 
1 3654 
1 8088 
1 6321 
1 6753 
1 1159 
1 4941 
1 5983 
1 8824 
1 492 
1 8773 
1 8071 
1 3358 
1 5226 
1 8306 
1 1399 
1 1192 
1 2758 
1 6190 
1 5441 
1 7575 
1 820 
1 4557 
1 8596 
1 7804 
1 9954 
1 6377 
1 1376 
1 2939 
1 9377 
1 8730 
1 4469 
1 4793 
1 8727 
1 773 
1 7678 
1 8303 
1 4646 
1 1344 
1 9483 
1 8965 
1 3760 
1 4411 
1 3936 
1 4011 
1 9824 
1 7025 
1 180 
1 7270 
1 9723 
1 6039 
1 2212 
1 1555 
1 3608 
1 1067 
1 9868 
1 4829 
1 3491 
1 2346 
1 8192 
1 9925 
1 5968 
1 3341 
1 3708 
1 563 
1 7444 
1 3578 
1 8968 
1 6252 
1 1626 
1 2430 
1 4818 
1 7061 
1 5059 
1 7909 
1 7613 
1 3207 
1 364 
1 8253 
1 719 
1 1178 
1 9803 
1 1844 
1 7773 
1 2288 
1 4679 
1 3696 
1 5886 
1 1381 
1 2445 
1 6879 
1 9252 
1 5513 
1 4483 
1 9550 
1 9763 
1 9520 
1 9359 
1 4070 
1 4138 
1 9044 
1 2951 
1 9515 
1 3381 
1 1114 
1 5578 
1 872 
1 7122 
1 9251 
1 8184 
1 5137 
1 1778 
1 7464 
1 9360 
1 8578 
1 5478 
1 3709 
1 4528 
1 7621 
1 1545 
1 8402 
1 3827 
1 2297 
1 1563 
1 7147 
1 4420 
1 5067 
1 5553 
1 7355 
1 7362 
1 1208 
1 3614 
1 1319 
1 7284 
1 4006 
1 7760 
1 5649 
1 368 
1 23 
1 6591 
1 6960 
1 6090 
1 6912 
1 6031 
1 6515 
1 8605 
1 7809 
1 5444 
1 5371 
1 4417 
1 9530 
1 7109 
1 9186 
1 4301 
1 6463 
1 7990 
1 9256 
1 6403 
1 666 
1 873 
1 7482 
1 9349 
1 311 
1 1803 
1 7972 
1 1023 
1 2412 
1 3824 
1 8711 
1 4736 
1 5969 
1 7347 
1 7015 
1 4329 
1 499 
1 7522 
1 5332 
1 1146 
1 9693 
1 9346 
1 3638 
1 3147 
1 8788 
1 3861 
1 1027 
1 1190 
1 1105 
1 2866 
1 6018 
1 6834 
1 3291 
2 2486 8047 
1 4520 
1 3225 
1 835 
1 7075 
1 9418 
1 7684 
1 1246 
1 4868 
1 7506 
1 4467 
1 766 
1 5780 
1 8553 
1 310 
1 4588 
1 8330 
1 7453 
1 4838 
1 1973 
1 3362 
1 3088 
1 7913 
1 2620 
1 1998 
1 9249 
1 7108 
1 1922 
1 6143 
1 1874 
1 3870 
1 2015 
1 1140 
1 1061 
1 3230 
1 943 
1 6583 
1 7779 
1 9019 
1 4717 
1 6610 
1 4949 
1 240 
1 6238 
1 5979 
1 4325 
1 8719 
1 1284 
1 1018 
1 218 
1 1956 
1 4644 
1 1022 
1 8571 
1 7346 
1 923 
1 9910 
1 9914 
1 2448 
1 1546 
1 2709 
1 1529 
1 641 
1 4317 
1 2177 
1 9740 
1 5254 
1 2541 
1 7458 
1 1785 
1 7936 
2 5975 3729 
1 3367 
1 8000 
1 7655 
1 3086 
1 5573 
1 5985 
2 4604 7376 
1 8422 
1 2265 
1 8758 
1 2099 
1 8111 
1 7862 
1 9913 
1 4321 
1 4048 
1 1002 
1 2751 
1 3193 
1 89 
1 9449 
1 233 
1 8878 
1 174 
1 6745 
1 3288 
1 1143 
1 5562 
1 8994 
1935 6744 9109 388 894 2112 9048 8200 3693 3163 5295 1040 5646 2710 137 3334 5317 4419 6382 584 6200 1562 9636 6222 7218 1478 879 3964 251 1959 4709 8996 5140 8348 9686 5705 3887 1316 4830 6581 8278 3008 25 9804 4249 6735 9986 8958 2269 4135 8520 3315 5828 6348 8490 313 4763 5802 4950 4476 4275 7703 4412 7899 7713 819 852 2125 3433 3265 6845 6226 3758 5344 9880 4913 1666 2805 7176 6724 1186 3689 5426 2556 5776 5842 2759 4823 2983 7711 6340 2677 440 3702 9966 680 6158 5764 8473 609 5732 8726 507 7601 7198 6564 9071 5782 7511 18 8254 9621 3439 8881 432 9257 5394 8215 1481 9245 1102 438 9836 9760 9313 1709 2735 8334 5334 5171 7630 4175 3277 5920 2523 4078 8341 155 1326 7368 9232 2021 9644 7579 2132 6699 2122 5809 2474 1322 2499 9495 3216 2070 1847 8704 3805 9153 1633 8471 14 5877 3519 1561 9478 6075 2984 3432 1889 3492 2285 7699 1209 8986 4281 1918 5762 2698 189 9184 4494 2782 8702 5457 871 7934 7408 9648 8342 9788 2487 9376 5908 856 6470 4953 2680 1431 7768 1699 4624 8565 7811 9784 8923 8902 5502 4751 5580 8194 2142 1346 243 4840 1354 73 2773 4788 3396 6301 324 1341 3512 7657 5223 6817 3611 2509 5373 5176 4380 2406 7094 6755 2216 4140 2032 2128 8006 6769 8170 8622 3398 43 5608 7142 1033 7588 2071 9826 2124 2433 4862 2251 3773 7242 8798 7757 8010 4857 685 1024 7194 5532 2338 5103 7191 1051 7878 8344 962 7555 6717 2754 2774 1323 8978 3445 165 2592 1866 6282 9152 8666 6053 3001 1878 3017 8410 9267 5660 5161 2461 3453 378 9542 2668 4345 3503 6228 1660 1565 7248 561 8672 9058 9615 6146 7516 5306 1654 8056 4758 8218 1806 1894 5489 9135 8862 3014 6603 1464 6035 7337 4381 3905 9211 9869 7498 2765 7295 6125 3496 7842 825 9798 6019 4252 8374 6355 6575 5010 9147 5136 3409 9653 2907 7143 9919 1119 2697 5850 8914 1651 1365 8585 33 9341 5505 1408 6611 4210 1260 2110 2134 822 7741 2037 8359 5 8110 6087 8825 1983 3374 6822 1831 3748 2246 3478 850 5674 9062 9444 2629 4977 5401 2284 6078 8325 1895 4752 3393 4712 9831 7700 9273 1764 9379 8437 2793 7457 6262 9004 6765 3973 3222 3031 223 4722 764 2192 1126 369 267 7872 9996 8016 7241 6545 6768 4333 8870 3510 153 6631 9307 7668 9849 964 5298 994 8414 9978 6309 6513 1049 6426 8665 1979 3968 5737 4148 2995 3736 7062 6617 2426 9364 3469 5084 2567 4924 9029 9552 4335 4539 3159 8082 5941 8150 1568 5829 2740 7344 4915 4169 1858 2133 7727 3137 9112 1939 736 3092 8387 8917 9751 9839 9294 7154 7496 8879 1773 5913 8752 7867 3434 3494 3609 4481 6523 5327 6113 6281 8440 9935 6537 8505 2529 9660 8355 3612 2277 3427 804 9675 3476 8179 3066 7756 1625 6380 5559 4362 3063 7800 4748 9961 2050 5661 5054 1176 9493 4272 4850 101 1769 3700 2820 6535 6899 8503 7919 5185 146 6657 510 5485 973 3975 348 7461 4447 6874 6790 5703 4136 8206 4119 6037 7802 353 4645 951 5366 9619 1296 8953 495 3015 4365 9119 3735 3359 6093 6875 8931 6756 8451 1765 6677 9661 1231 2538 3235 1526 6626 5173 7472 5756 6142 1484 5633 6250 7927 1655 8663 7793 4221 9790 3965 4872 1028 6242 8370 4232 116 5496 1915 9909 8962 3245 2344 2682 3558 9154 9465 4326 3927 6788 4697 1518 8007 235 8322 6276 2686 7560 7228 2500 9556 1304 2991 7607 7693 7697 4182 5099 1313 8246 9353 1877 8272 161 1905 4322 8927 4017 1495 2011 7729 3447 2512 1299 425 5092 2148 5793 7942 1694 7375 380 9834 9946 5544 7882 9097 5933 3802 8487 3782 2299 7430 3692 2935 3525 3044 4680 6054 6727 1946 7358 2156 3599 2724 5754 6506 648 843 2716 2507 780 1368 5030 2855 6064 217 482 5386 6003 2916 3012 4623 2401 5993 3071 9366 2017 1904 7413 8265 1962 4747 1112 6903 6953 9700 9524 8693 4406 9987 4785 127 5786 3764 3248 8827 3750 7304 2883 5698 640 6232 3904 2078 593 8584 392 6368 6849 6406 7801 7677 9535 2948 409 2027 4928 6851 8477 57 4713 7328 3465 5104 3826 5116 9713 8868 2999 8444 8266 2518 7626 1453 7046 7732 1700 1869 7807 9214 4957 4659 4767 9970 6977 2236 6413 5105 8154 7690 1238 2987 330 6344 4647 8651 2373 5420 3899 1913 4117 5995 7875 3184 7881 2539 5354 9194 8699 6847 3171 346 314 2262 3194 4426 5904 1588 6648 3818 8235 1095 8057 8286 2564 1756 9293 9039 9281 106 6176 5598 6164 4368 8221 8409 3313 7794 8556 714 2540 6359 6331 3422 8705 9990 710 1378 4453 9423 4386 785 4165 1753 1649 1566 4858 4777 1036 5045 887 1726 3981 6369 555 5959 3344 2890 679 8523 7661 7590 7315 51 4310 1010 6069 2475 9596 3377 7058 7933 5546 9671 5352 3955 4164 3375 2229 6948 8358 5208 4710 4582 341 1287 5682 5694 4430 5483 1083 4606 3768 2566 4306 5855 2525 7106 2257 1852 2750 4997 96 6954 7885 6386 426 9060 7858 9620 2064 7190 9828 74 4989 458 5967 4251 4019 2552 7739 6701 8155 3318 7959 6467 3756 8114 6569 4506 422 4279 5931 9485 9738 8407 5907 3266 3641 9477 1218 5872 4565 9174 6337 4115 9182 2692 5740 8316 4336 8771 5101 1522 3717 4602 1325 1089 2610 1708 5265 6151 6605 2839 8787 8133 8554 3775 949 4834 7701 6498 9976 6487 9283 7253 8537 1571 794 3544 9466 5792 2464 1447 2422 4356 8333 3675 2713 1274 2957 8180 8832 2059 8336 9854 5144 2501 1198 8027 2689 1162 1838 5833 9757 2721 2081 1602 7251 6367 8550 5797 6107 7808 2168 2079 8863 8858 1985 3237 2295 8001 9872 337 3121 2102 5290 7797 2371 2282 7638 8671 2723 9494 5571 4655 9043 738 7644 9777 1480 1514 6211 3500 2885 4746 5839 1967 932 6985 2180 5876 4268 3021 7787 294 517 6957 61 2455 5230 2135 190 2033 2679 2261 1909 6908 6404 6128 3440 5038 9177 8988 87 4839 9003 4194 7263 7649 7180 4652 7214 9330 4576 3653 3978 5957 3763 7540 2880 7810 8841 5890 2417 9692 1292 3301 4728 8552 8668 8497 5880 1382 5645 8041 5459 2899 2453 6534 1815 7624 7587 2634 3282 9470 907 7764 1820 9155 9785 1729 1294 1941 9488 566 475 1154 7054 3677 920 5636 2504 2994 8039 6673 7485 7175 302 7987 9591 2303 7126 5609 9277 1558 7785 5651 7307 2537 9564 2657 8795 7415 2366 5655 1720 5631 5435 2873 7586 439 3085 9396 5235 6024 8734 2932 2211 9557 7443 2912 8682 6637 5199 4525 3263 792 7245 1587 6130 3982 6428 7222 7345 2389 2232 9907 2949 4775 2568 2361 7953 9614 1352 133 3944 2727 878 9622 9329 830 8135 8052 6659 7529 1205 9543 3290 1638 746 4111 4429 5709 6326 1498 981 721 5659 7409 414 1576 6613 2423 3765 3392 6542 1890 6339 2720 5770 5311 8313 4278 2952 877 8015 5657 9469 5436 2243 7901 3233 9650 9963 1407 7640 8092 1245 3631 7417 1147 1164 8887 2222 436 3697 7170 8966 1332 1361 1677 2181 7163 6710 2921 7332 6149 4424 8791 17 99 1600 3025 3456 1731 9340 5387 810 796 4583 1337 4771 9066 5278 224 3406 9041 7691 4514 7391 2848 2741 1271 280 1857 7299 8423 3424 6140 9629 7559 6774 5280 9411 6784 1389 9875 3812 5148 7171 6885 4200 5514 5574 5125 1001 8367 7353 4918 6187 1848 1596 8054 8100 8932 1272 2574 6213 7360 5261 9202 6772 2547 6109 1951 7140 8898 9110 2965 8889 6017 9725 6732 5547 6706 2955 6027 8675 9832 6814 2901 4578 2802 1420 5085 182 4750 1029 6266 795 5647 6642 9844 1172 8175 9566 9425 644 893 695 8315 6088 2468 6708 279 6636 6937 6664 7008 7829 1330 1463 3884 7888 4864 5464 7220 3100 4437 7765 8612 8772 9326 5586 9122 8494 8735 5902 85 5372 639 1901 9562 6584 1516 8992 7612 239 6234 8997 7896 3443 1897 6483 8647 8327 3860 3156 1276 3112 5073 274 7012 9080 3581 2278 1733 4541 4517 4459 8406 1070 2701 5924 9719 2140 9724 3639 7539 5029 3554 5587 735 6586 512 1373 6100 1084 5081 1103 7204 1892 801 2490 2432 6691 3410 6827 6924 2117 6986 3208 3009 3129 4660 5434 1876 9142 6816 4930 4993 2253 3967 4798 5564 5006 683 7350 3038 9577 6915 6008 3386 8677 7049 3663 4885 2383 9312 1996 4827 9274 4613 8452 4869 4960 1517 6968 4422 7803 5318 3329 2598 3710 4663 7335 8042 6422 862 4400 8635 8555 1062 6881 1121 8321 1929 2218 2039 4260 2055 1263 130 8539 2604 2458 9490 9595 9316 6171 9165 9106 9870 1784 1620 7207 2062 8855 7780 1099 9610 909 9416 541 7554 3026 7034 5251 1438 1607 626 6568 5275 9012 3083 6695 8034 1980 1505 4873 3033 1305 149 1637 6804 9813 705 4410 786 3514 6574 5936 9722 7552 934 1911 6047 9492 6747 7084 2520 4105 1999 7336 826 4581 2157 9354 3160 2787 3411 2328 9393 1667 3366 2109 3064 3065 7231 7002 4002 4694 7582 7617 8926 526 971 2187 3672 3977 9309 9809 7213 7118 263 62 6138 3518 407 3876 206 3602 9643 5079 8269 8742 2238 3352 478 3003 103 2646 9378 359 2213 9959 7752 8686 3127 8656 6448 2891 8223 5246 6623 2878 3224 7652 6310 5915 4739 1881 8488 3000 8794 5191 9243 4276 7441 244 5302 7018 3217 6532 2810 4804 5741 8101 4874 1841 8814 6374 7995 9063 151 4487 9808 9972 2479 406 6507 9007 2687 2276 6299 1336 7312 3423 9955 9111 4861 1738 4801 9247 4215 8776 615 1851 8084 7795 4161 3035 8518 4143 2996 955 6215 857 821 5411 9994 8310 4458 8125 3309 897 3815 901 6364 4300 2601 6811 5716 4206 5951 1220 8826 725 9974 917 6997 4216 8213 2576 1039 6750 4460 5424 2403 3037 4908 8273 4564 8547 2705 3340 2205 9746 3691 8317 1952 9842 2789 7138 3923 5283 9733 8712 3841 3823 3520 3239 6341 1120 8455 2400 8707 1197 960 1898 6943 6195 7495 3418 5456 4681 479 9388 6806 5921 791 8131 7424 4544 8002 9036 6635 6854 5212 5389 9213 2369 5050 1210 7216 4075 2043 7105 4597 3623 7384 9149 7463 9114 1567 5490 9032 8544 740 2513 6712 841 1989 827 3275 1419 8185 1386 4534 5923 3110 4293 9074 6050 1840 7792 7339 4618 9805 6739 6492 3958 5488 8461 4959 9408 4014 9783 7405 3713 9427 7327 743 8267 7022 1063 4870 4478 4452 7481 4855 2938 5013 3814 3378 7418 6163 6743 3203 5183 20 7221 6909 2662 6934 9953 6390 1630 2829 9224 8533 366 228 7159 8196 5407 8597 4803 2775 7116 545 5594 3458 8942 993 1834 8603 1370 7824 2482 6757 9881 9328 4787 677 5592 4699 4323 1465 5473 5205 8637 8591 6705 6345 357 4155 560 8439 6166 9936 3093 7473 8484 9343 4440 4619 1984 4665 169 4634 1631 2600 1101 1810 2804 3369 4484 7447 8521 396 8499 7750 5966 8236 3894 3401 7818 9096 3851 7865 1293 9982 
1 5742 
1 4352 
1 9864 
1 7432 
1 2669 
1893 5281 4948 7383 9750 8245 9372 1706 7891 613 9985 9509 2171 3388 8792 1713 8119 798 2593 8102 8139 8397 8895 1442 1459 1411 3986 1789 9897 1513 7753 864 6320 8780 6622 2510 8080 71 940 9072 7275 9609 8430 1426 6889 4475 1978 4939 97 8077 8251 7650 5604 8999 3330 3669 494 2882 6645 9642 6614 6540 9585 7679 1113 622 1970 1721 8356 9548 4530 1035 9862 6170 1882 7924 5164 5570 687 6387 5479 723 7535 9658 5124 1533 8845 3957 4819 7037 5404 6794 5008 7930 5072 7127 4015 1087 8948 1808 2589 2300 4241 3722 2214 1400 7410 1849 6173 212 2998 4572 6244 1428 1947 3232 3740 8493 7782 2056 2630 8620 7497 2026 7380 2454 946 9943 7195 8900 1835 9672 3371 8892 3676 2806 6225 1333 2857 7536 2684 8759 493 2075 1538 1854 5062 1228 6416 4584 5683 4482 6462 9578 8940 2337 1363 2495 268 301 8153 1056 6381 4121 784 3731 9933 1007 4228 6247 5384 9456 9100 9397 9588 9714 8201 6725 1554 8188 6099 3056 5080 579 8292 5847 4379 4511 4123 8115 288 3594 9997 4687 6687 2004 7036 928 734 2263 7627 6618 7659 4261 7069 7319 6116 686 1542 8566 7102 1781 8549 6630 8998 21 7090 4730 762 9586 156 6582 6291 3537 880 7490 323 8441 926 1944 1225 3952 1705 5020 7672 582 9755 2136 4204 6102 80 5017 6795 9903 4510 4436 8619 4812 9179 1551 5465 2822 4054 6004 9894 6669 4657 1094 3472 7467 7174 3682 1492 7277 957 7296 6602 5819 5758 8064 4704 6917 788 2922 2462 3940 435 427 578 441 8837 3256 2815 9599 2428 9708 9102 5178 2382 9464 5840 5517 7504 3728 933 4603 7994 9639 1042 2310 8888 5221 8720 2795 3143 9901 6880 7478 6935 770 7850 8947 3634 4940 3900 9030 3354 4366 8335 3209 3548 8459 6511 2936 1321 6420 6566 5610 5491 5174 7673 5520 706 3304 7285 6475 902 4608 7518 4956 1864 8614 9065 3441 6249 2911 6335 6482 2970 5962 2379 3852 8081 6572 2836 6873 1813 2852 7633 3788 272 7192 7031 601 4815 8004 3791 3651 5730 6264 5684 5374 2726 5785 8588 3023 7749 1759 6300 2326 247 4147 1096 8576 5383 6112 2602 2123 8281 9124 9721 6895 6594 7252 93 7121 2548 9668 8843 3980 5816 8624 3591 7903 5563 6729 3867 6720 376 6041 1679 7763 8294 7513 6243 9821 7265 652 5844 7080 45 8641 8162 3853 2931 9057 5952 1768 4666 6323 1536 1747 3051 1060 6529 979 7446 8808 1814 134 6224 9827 303 315 8909 5316 7164 7813 6947 8959 3259 5690 2380 996 8618 7799 4720 4355 5087 8821 5917 6891 2364 2016 5463 3835 3681 4968 8418 8248 2783 1802 8426 8019 3213 3345 9143 3180 7130 2008 1515 428 8839 2763 6962 6688 4691 2530 2514 5130 2664 1712 7960 607 1071 8757 6578 5282 5379 8701 8536 2792 2796 8731 3820 5146 6065 1991 2057 1371 5425 2762 9129 5070 8893 1138 3849 5405 3167 9764 6402 904 4351 8233 7290 2329 5108 5590 5761 7047 5644 2088 1377 7397 513 3759 959 4309 7503 5628 5201 6051 4929 9847 1090 6922 1628 2052 6313 7070 3613 2353 4937 3630 8922 1788 8700 1995 9024 7010 4387 5088 4049 3333 8275 8395 7968 5063 3792 9040 511 4030 7459 16 3714 5618 1129 9123 1014 1569 7114 5049 1715 8258 694 4998 4479 7343 9555 1240 7100 361 4367 3790 9460 2098 4244 6848 8165 2572 556 2587 9068 3220 7686 1541 5202 9159 7288 752 7247 5787 8014 3408 7381 6775 3559 7709 4159 3642 4089 7918 5918 5370 4061 4087 3640 9807 8271 2788 3686 5625 6736 5745 4693 3102 3223 2327 7846 7255 4441 4556 317 4158 3356 7416 5581 7512 1754 1690 1380 3076 8053 7945 915 7651 9791 7622 2850 9801 3018 7038 2917 3188 730 998 1243 2069 4926 6559 1805 3796 2624 5019 4079 1327 5712 8500 9266 3898 1396 1166 3856 1954 4114 1025 5324 2087 5928 3475 9410 3482 3607 1794 4112 9630 7669 929 8659 6722 4615 1990 4208 7434 4656 7173 4409 5409 8587 6989 2769 9441 4371 3481 6925 8229 8903 9991 7979 3174 9395 75 1853 2447 6557 6221 6577 9447 6883 1149 8842 115 8551 6201 3998 2888 6979 5978 5474 7064 327 7162 2249 1770 1448 3464 567 6447 3972 5577 140 461 8460 82 1300 4256 4239 7011 2675 8516 3036 574 120 8314 2060 9958 1414 1746 6267 1839 5044 4683 9191 2691 9439 9127 2580 4963 5121 590 9176 1334 3303 5095 9239 9367 3146 2443 8190 6464 4341 5469 9689 3215 5375 1641 4649 3593 9657 8453 3234 5640 3551 9221 9333 6354 3567 9906 6955 5743 2347 3005 3099 5870 2215 8349 9673 6188 3449 9688 6615 2320 4651 3187 3644 2778 1520 8741 7202 2835 7983 6294 2271 5364 4770 4168 1845 7477 2685 976 7456 6119 9118 6864 4592 4673 8540 4477 3615 8991 5771 8478 6721 3535 3656 4028 5878 8685 8501 3043 817 4944 8777 6921 484 5264 4375 6421 2683 9874 8590 6206 9098 9627 982 8915 986 7735 569 9979 5139 4724 1741 1888 1476 2826 1268 416 7401 3052 3797 4189 5285 9915 2941 7786 6588 7096 8181 9384 8756 3881 9172 5748 3785 3342 4243 1351 1618 4076 4554 9357 2116 8528 7273 6866 4095 4875 8495 3996 8760 9298 4495 7897 9752 6101 5852 5224 434 8583 4828 6265 6218 113 9820 5390 2779 4611 3414 1639 7879 1485 2290 9669 6255 2781 2266 1585 5899 2535 3586 4630 775 6043 9335 8611 506 9434 9792 9818 969 6612 5545 1236 5243 5109 3838 992 5014 9967 1671 8646 3098 3660 6709 6388 2961 7132 8689 9161 2440 8601 1235 9743 5701 6964 2410 1861 2989 9742 3877 5619 202 8765 5494 4473 2226 2656 8203 2583 5300 255 9356 5004 9598 4324 6902 3661 1704 3934 598 761 5767 7262 8018 4104 1824 7419 6941 3888 9108 2780 1259 3493 9209 1183 1343 9288 5210 7149 1506 2925 5539 3831 6731 837 5002 8751 8191 4267 3513 1758 3743 9319 747 7648 866 5725 2814 2469 4139 833 9282 8816 6993 9641 2496 6048 3007 238 1003 6760 160 9113 5288 8496 5988 4394 9962 2611 2291 1097 4263 9017 2206 4734 5894 6177 338 7082 3305 3351 3236 7086 1203 7212 3497 1846 9900 859 410 2484 2942 2569 4527 8535 1295 2997 344 2828 8970 755 1379 8438 4755 2089 7631 7492 8404 3762 5056 6990 7646 5882 4726 5466 5507 2859 200 4289 8465 4480 9094 1309 3372 6940 3979 1648 9189 1873 865 5342 4725 7751 7372 1451 4745 625 11 5529 3183 1055 9892 5729 8919 5755 2673 3261 9128 5170 286 4547 6471 2200 4034 3839 1917 3572 1674 7525 2800 6558 9162 9386 5172 8938 2555 3412 3667 3892 7167 7462 1314 5778 1360 3243 1076 1900 5055 3587 3787 2164 4448 5392 9527 4590 46 6373 5692 4486 6379 7737 8750 8282 2456 5142 5537 603 7271 6870 9691 8328 4638 1230 6063 2565 4591 6137 4057 3808 5731 4270 8973 6461 7440 7973 572 676 6476 1171 3617 1410 1912 3929 5512 8884 4369 8797 8363 8106 2437 9565 8676 152 6385 3784 2397 1883 266 1398 2558 5233 4226 4086 4359 7398 1306 3319 7454 7806 6139 114 2808 1405 1191 6715 6034 4290 8289 8593 9424 2066 3240 8283 50 5611 6233 7489 9242 8401 3907 4650 2767 490 4809 4797 2349 2419 5560 8910 7562 4250 516 1471 299 8642 8714 5102 3379 7395 3529 9323 4609 1792 7211 9573 7234 278 954 1812 1612 3109 2584 6434 3403 2494 4178 7435 95 215 3618 7777 4895 6156 1966 9523 9438 2807 4723 5922 8381 575 9136 7283 4285 2005 1127 5849 3574 2174 4831 6933 248 6280 2643 7637 3727 6711 3895 2628 602 7576 4188 8764 2161 6110 7746 2971 1148 4853 373 6275 8383 4946 5790 9666 3666 1434 655 6210 2632 1401 7469 2837 8558 1418 1932 9125 5239 6016 5848 3258 6443 6646 5458 92 2990 6963 9101 6073 611 9701 3575 9633 7817 5905 6519 2595 681 7300 4888 6253 94 3364 4491 4927 1226 9440 6223 7359 9169 7965 5216 9269 4237 6786 8907 3151 5305 5614 8059 7303 2696 9846 8296 9498 1082 1884 1011 4485 5452 8222 5522 7603 3541 5240 6491 2010 1578 6084 6423 9873 3807 3648 4562 4912 3302 8074 6900 672 6189 7571 945 5888 5321 3095 4124 5025 8103 3172 5042 3777 3353 9033 1614 3579 8882 824 577 3192 7977 1261 8736 1968 1691 2321 8527 9956 7035 2493 9417 2791 3416 6332 7766 8779 9078 1031 6632 5722 1548 1589 5841 5093 4521 8638 7748 110 7834 9926 1617 900 88 374 7852 2914 4445 5406 8434 3545 9932 7568 1926 6776 2733 1601 6638 765 1829 9811 5990 9511 2394 692 91 213 6923 3604 3938 123 6702 7857 1151 6045 9137 832 7963 8695 1257 4702 132 8783 1122 1366 4338 7745 5863 892 4171 3150 3801 4303 8143 6675 1678 2667 1669 9928 6856 4396 2023 9292 4501 2317 8216 3780 128 7208 4879 8067 583 3495 9390 1200 7243 2533 8128 1417 1494 1718 7542 4110 540 7411 2365 7812 8574 1988 214 1452 8415 8883 5528 2665 890 9988 1577 9370 8692 7089 3924 5784 7578 7702 8361 9237 9545 4919 7197 5938 3556 8400 1714 500 7685 8627 3262 9308 597 1255 7112 8066 4038 4642 7092 2304 2193 2904 1673 2183 891 7074 8138 5606 4227 7508 809 6246 8491 7223 4794 623 7349 4297 9981 6194 5149 9446 7573 2158 4512 3866 2044 7177 349 9035 4462 9759 6799 6707 793 4474 8386 6598 9850 131 975 4045 4903 5881 963 142 6764 136 7939 7886 1750 6007 2711 3010 7838 5497 7698 4889 2190 8567 3564 2 6829 4526 7 758 3274 6836 7883 5069 4343 557 9992 7890 937 7955 5944 8746 7976 9059 7188 4566 7045 5155 2625 2149 5266 4008 2603 9420 4018 5702 3716 5641 2766 1501 6524 3357 3956 9902 5398 4382 8178 5244 5769 5175 7949 4094 6436 8993 8763 7975 7620 2853 7868 2900 2235 5757 1372 4847 2588 1348 8920 2224 7442 3670 9217 2130 4986 3875 3734 729 781 980 4021 8896 4271 5112 4327 7723 7602 4064 9969 9196 8865 779 4350 19 3561 4026 4253 8511 1145 154 4129 6998 4247 3391 6723 6609 5076 3576 3582 6394 5277 72 3460 2281 9730 5200 6071 7369 851 5565 6842 7323 7541 2307 4377 5620 9604 6358 8630 9429 2784 2892 7839 8648 1971 1012 2318 7681 4535 8639 64 60 5713 5806 2988 4348 1850 4813 5818 7893 8109 53 3878 1692 2817 8789 4518 4248 6317 1425 5449 419 6833 4039 9226 6939 6001 4313 7981 5399 6366 4444 2681 9401 4062 9014 9882 1136 4466 6493 2927 3459 8118 769 8621 997 1662 433 5585 2396 3908 4259 8338 7805 806 8145 7925 6496 8136 2363 1278 4160 6828 3382 8925 7594 38 8684 2065 4795 8644 7738 9005 527 8524 3724 2699 2424 6556 4806 842 521 6296 6329 
1 1206 
2109 1695 9579 3705 4065 6600 908 211 384 1269 5914 7600 2944 4523 3252 2981 3751 2007 9436 4629 4052 8982 1776 229 5679 6319 1427 39 2812 3145 8722 6665 3694 8679 5721 5813 6913 1670 3739 1421 437 6207 7483 4559 2308 3508 486 379 8929 6548 3774 6076 9920 1736 8373 9921 4022 4181 6647 6855 6150 3557 1131 9601 3298 7534 3246 2977 2343 9732 5498 3580 5382 1676 9289 7662 8070 0 7835 8886 5950 8028 636 854 3312 8815 6801 249 7609 8326 2191 264 6988 2237 7767 6825 8950 2777 3324 5437 2502 4580 7519 6293 2582 4465 6911 3030 1016 7528 4500 6197 4214 6904 5325 6521 5821 5858 1610 3650 6910 3027 8661 3325 4068 1286 4084 8809 9563 3178 1439 31 9463 6509 9541 6365 6333 7929 2654 9613 7599 5533 7957 3890 8946 5851 7280 2166 3552 8830 7680 1642 4177 8048 6060 9737 6298 4005 7314 5343 4470 9403 4636 5864 767 1289 4727 4802 7561 4774 6480 4492 474 7501 2747 7971 8762 9138 5997 6477 4811 2147 5168 3061 4043 3633 6560 643 8297 9503 6518 2760 3620 7056 5717 3297 6245 8319 3566 6015 684 9253 3055 1893 3733 9845 3850 8099 5561 5811 6965 6597 5734 9011 2896 1385 7330 935 5883 7146 1285 258 6124 712 9231 5197 2172 7150 6894 1216 8239 1177 8819 6127 6399 7367 9474 5597 5348 8934 8230 5350 4925 2480 8935 9687 6322 7050 5064 362 1685 9533 3828 9471 6884 813 1512 5391 1229 6907 7707 6536 1936 5138 7059 4122 5346 8667 550 6259 6274 5887 1940 4172 1949 588 5021 8857 3116 6644 9160 194 6616 209 5693 620 5152 3138 6152 9649 6297 4507 5294 3990 7363 5868 5994 6793 9392 7510 592 548 4569 2009 631 5662 4069 5365 8458 1111 7720 3741 984 5260 2330 5934 9726 1582 6562 8481 1180 5794 5461 48 7267 4844 2561 6966 7524 47 8107 6104 4753 4433 7014 9924 4854 6567 2155 9497 2902 1524 9047 2706 3090 7053 967 5518 4824 2670 8202 5664 702 1077 6868 8828 4599 1474 148 9083 8564 210 4286 6133 6465 8891 4212 2405 7019 2342 6214 5637 78 985 9664 8448 558 1034 2546 141 3169 9659 1772 5475 4952 7775 3368 8508 6009 8113 360 6384 6678 7078 2247 6550 5540 6674 9765 6155 8284 1623 7663 3829 7393 2018 3060 2742 4080 497 1462 3868 7182 5961 1273 533 1818 2376 2894 4931 651 7193 4832 7904 8249 4358 3081 6287 8767 6473 4779 8838 7250 9453 4768 8534 4340 470 9741 6325 6424 1342 9567 5248 4973 4496 6363 6046 2881 6229 8840 8023 836 7962 7229 375 7387 7989 7978 4716 9829 4468 382 5531 9787 2516 6813 3571 3603 849 188 9899 8207 8182 3911 3360 8525 1358 7585 3752 756 3347 6410 4984 4635 8431 7101 9092 2715 5241 1074 6633 4442 4972 5749 1473 874 3637 6241 8848 1267 2407 816 2003 1219 9175 1537 6936 647 7051 198 4600 5506 8411 4162 7233 8904 9180 6676 8412 5481 4349 5615 9998 3679 4612 898 1899 559 9380 6877 2809 7898 4224 8745 5338 614 8413 8678 4042 9989 1253 8199 1092 54 6445 1026 2115 4258 298 1891 2913 2167 412 5638 7558 191 7452 6773 9652 8365 8653 3776 2436 5378 4240 8522 1156 3643 312 5118 2609 6823 8065 7830 7634 3273 4570 8529 6503 5166 4852 656 284 1064 9815 1613 6782 4622 9949 7736 6516 6014 3280 7065 3117 4639 6976 1058 1086 4198 5582 9718 1766 2334 2444 3629 7005 580 8512 1757 2722 5184 4577 336 9843 4715 2302 883 9501 8774 6530 1749 7136 4088 4176 13 8657 9304 5361 9220 252 7762 6028 5549 7390 8353 7494 7553 8475 7718 5893 8747 5156 6279 4073 6172 3992 226 7426 9151 7448 3949 9583 4092 1921 8108 4040 5724 8391 2703 2982 4947 1446 6121 3074 3910 5689 6435 8083 5859 5416 9645 5257 9230 4003 1930 2127 4427 1868 10 4626 8122 448 9324 7943 6898 9299 5258 3590 2940 9053 5024 3253 7226 3079 6038 5450 3719 9581 9457 5624 6324 6148 1098 6627 424 8806 4339 5925 7425 3813 8329 564 2466 5823 2877 5937 6672 9225 6991 565 9890 445 3738 4759 5495 2234 8790 8384 3168 1786 4166 9389 6460 471 2311 220 7996 7479 7710 8247 4914 1779 4826 8954 8011 9452 79 4060 7992 187 6117 6096 5632 9290 8721 5414 9454 8786 3271 5190 1927 1594 2415 9010 2869 6135 9445 6929 8021 9037 7722 5733 28 5132 8687 645 6869 1406 167 2002 9284 163 4686 7951 1908 9814 2550 5312 8492 7320 3394 6531 3041 8715 8141 2986 8259 8343 9374 2230 8615 9264 5433 7048 6696 1214 5707 664 3264 7864 1942 3528 1457 9050 2488 9067 2886 5845 1013 2209 8094 4503 3600 4516 5541 8379 40 3281 1499 1775 4938 1519 9046 3204 6624 6408 8195 3186 5357 6070 4269 1369 6268 7999 9780 1975 5363 9089 1078 5052 3004 1195 8755 4193 7466 6393 8299 5750 444 2244 3029 3704 9373 6202 6230 700 3384 8595 4001 4116 9051 1627 6892 7880 2652 6161 7725 8866 6831 5005 9896 5501 4395 334 2517 6571 8277 4884 2666 4311 5078 8193 2001 4733 7364 8640 7230 9461 2019 6654 1710 4254 6304 7187 3455 8161 8778 8417 4961 9206 8867 3985 5362 15 5247 7871 3822 8945 5286 1413 4911 9064 355 5115 4658 2296 1251 5623 8307 7095 3113 6927 2120 6621 8055 777 6376 6802 727 6984 4353 9268 2903 4472 9728 8694 6203 3954 9399 4640 9052 9302 8579 5992 950 305 9762 9676 4904 9761 6147 5107 1859 3376 7455 502 7282 8650 4845 7201 4192 9593 467 4537 2969 7615 7853 9898 3723 5670 5154 5217 4637 5837 3250 3457 846 7203 1444 5926 5668 9879 3049 7077 2801 2217 4632 5047 4568 5192 8424 8311 4294 5550 4236 1762 2254 8421 8921 66 1237 571 8040 8514 7317 5710 287 4741 9965 9433 9957 3466 2207 2248 4009 6983 4529 2772 8288 1315 9631 2579 803 8436 3906 6058 5998 9852 2651 4488 9210 7769 9197 3942 5100 8918 3228 9034 2586 1169 9070 6372 2647 2823 9198 518 4769 7551 6478 9263 5680 5492 8026 7286 8385 4856 1080 7186 8812 9006 3991 8241 659 7033 5935 5206 1640 4962 8829 8976 1742 6357 3902 3101 5805 6356 6278 6391 7333 465 8542 5012 4389 6343 5218 1189 9838 3016 443 6897 2457 5527 1167 333 5760 2897 3974 628 8445 1443 6525 2233 5120 3789 6336 7647 2421 2832 2467 4464 2752 117 823 7796 4621 1683 8090 8952 321 6595 8242 125 9325 699 812 6086 5499 9412 277 5036 8472 1440 2633 241 3165 7298 3999 4620 2842 7889 2442 8287 3746 5789 5440 7944 7029 9640 9139 8257 9940 4821 6414 6931 7445 3452 7565 5446 2104 4579 2959 2947 7991 5341 3451 1887 2097 6186 675 7032 3976 1488 4295 9351 3922 3279 1656 9654 300 9193 2843 3 4988 1906 7487 1955 6168 5262 4032 5423 6620 8570 9574 5666 9941 863 3939 3836 9276 2029 5443 8905 5455 283 2051 2221 2358 8008 9233 2707 5032 9709 732 2868 9120 8513 307 5663 9407 6000 5462 2910 7439 7276 4347 6826 417 4125 4392 1460 3490 7856 4982 8908 282 1324 6285 3380 7377 7915 1619 9782 6260 4132 9749 8050 3106 7728 7293 2305 7570 8369 3249 9306 9771 2618 942 2404 84 7928 5429 4549 3645 345 3062 7502 2151 6055 5826 7841 3361 3678 2985 8429 8197 6277 7912 2631 8873 3226 5752 3189 720 1141 8132 7129 5986 2636 5964 2585 2385 4880 1928 1611 6803 195 8861 5219 4594 8337 1863 3242 1329 4156 3621 3157 3859 9387 914 3214 4219 7385 2854 9514 3326 2012 4151 5871 6981 3400 4593 2522 4010 9018 5074 1331 2753 7099 9922 7908 2129 551 2785 7261 8482 70 610 2336 3467 5220 7922 9651 9877 3294 7007 2441 2301 3197 4291 670 6758 9181 6815 9482 5355 466 5691 184 9506 6351 4146 3932 5057 5299 9190 5214 7371 8972 8450 3753 9091 2201 7618 3596 8309 1168 8098 2973 7574 2040 8105 1574 4589 2536 2831 1182 2708 4201 9339 1552 3546 8069 7145 7294 3695 7694 5783 3747 3089 3437 2150 1575 6080 7414 2227 5267 1290 6407 9975 5196 3254 8320 3108 5627 1953 2818 6658 1175 8504 5082 2871 4738 3435 386 4607 9793 9993 2571 9166 6643 7592 122 3869 9934 5297 586 1150 3499 451 9794 24 3164 1006 6270 8562 1467 8198 5779 570 1963 4489 8769 8807 181 4923 1997 7382 4907 256 7550 3131 9223 716 3355 5981 2047 2975 4711 3048 599 1104 1965 8120 1163 3584 4981 1173 2175 7717 7656 7969 3793 8043 3993 3107 6843 9297 7103 4283 1916 7470 8148 7124 3882 1106 1110 6867 8818 7869 6036 4378 1743 5667 5393 2962 6136 9486 1503 9116 319 4790 9285 6810 4398 8256 2734 7783 5525 8732 7279 5685 8347 5832 2838 8799 6714 5077 818 6734 4721 9680 1550 1621 1658 4446 3397 1107 3712 1761 522 9539 8033 8174 5182 3725 2259 468 5768 3930 7791 9443 4780 1580 6818 4764 5189 4036 7721 2387 3800 7141 5846 7292 7421 4688 3893 2013 1455 1445 9802 5388 7821 1227 8234 9917 1856 236 8683 4372 2700 1643 9568 4007 9616 790 5303 5033 3144 7257 741 5675 8983 7166 6489 7003 3920 4894 853 2086 3483 8697 8655 2199 635 2497 6216 4170 4784 1924 9778 3461 1826 9368 9185 7060 6167 682 6770 2143 5591 6192 4211 534 7185 5065 9837 4574 4778 9272 6289 431 8502 6730 5600 3674 1774 281 7172 2919 4732 2367 1091 5335 3170 8669 2388 7396 3511 4282 4714 4013 7641 9968 5911 5028 8159 903 4814 5127 4706 9173 5567 8691 8427 7580 6375 924 2803 7964 5808 4041 749 6398 2068 8360 5697 4575 1635 112 9073 8446 5177 7269 192 1157 7348 6103 2606 7155 4707 8044 6057 9405 276 913 9406 751 3383 7537 4555 8123 4955 1234 4246 7272 6236 6890 4509 8225 2526 1134 2559 8698 6651 6490 642 5939 9626 8607 232 162 2020 9727 2398 5681 9450 7961 5510 8164 544 838 9088 6733 1449 9188 8709 637 8957 3103 4749 5160 3498 939 9241 6219 9168 2449 5879 9215 5273 197 1222 9635 1684 4633 9546 9234 5558 5673 4195 8604 5301 5337 4970 8060 8744 9942 372 6126 55 3155 6415 8398 2268 4307 6652 3251 9027 9208 1593 3444 2738 7920 662 9020 5308 6500 5869 3538 265 3126 6446 2621 6209 9560 5477 1547 6111 399 3105 7593 7907 4978 1188 1644 6796 4601 9536 529 728 2294 1247 618 9522 4805 2228 273 5526 5554 501 6920 5438 5613 4434 3002 7237 4457 5328 3509 3652 3522 6486 2930 2950 3087 531 2035 4902 5726 429 8696 2661 7566 1404 9069 5515 1974 4865 6779 5940 3569 193 3436 8243 3872 2095 86 4552 3673 4179 6749 6780 4585 689 56 8091 552 4266 3260 5368 508 7914 1152 7480 4451 5187 8250 8559 8096 231 771 8713 9200 7236 4233 9164 4674 3153 9391 1450 5061 3628 9265 5165 5468 8575 6347 8960 7128 2272 1179 3139 4203 118 2137 4067 2113 4896 8146 8725 953 7313 8474 9637 472 1828 1798 177 2688 9016 159 4878 7608 8232 7217 8688 8897 7474 4546 632 6878 9766 2208 2434 8378 3195 9951 6182 9171 8462 5568 1032 868 7131 8833 3683 5292 9115 9107 6871 3040 452 927 5289 4264 4374 3664 7564 1266 9344 2425 2170 4843 8985 6742 591 7199 4515 9332 6952 8372 2799 1886 1972 4185 9551 6334 9207 7755 2674 5942 404 9472 8980 3346 9884 3133 4729 663 8375 6689 5323 3761 3606 9937 9334 3786 8984 5249 1796 6469 5927 480 7232 660 617 1497 8112 646 3070 621 4867 5060 2108 2909 8392 5948 7178 697 2659 4109 8168 4296 491 8166 4522 3287 4180 3770 1123 8981 5113 4670 1196 292 9222 370 665 5422 9628 4789 4399 6789 1557 3201 8674 4890 1491 6328 6271 8046 739 8428 9717 6996 9371 5256 463 3871 1903 9774 1532 3479 6987 2189 2245 3446 8850 9931 9646 956 3622 403 4684 5642 7855 3196 1207 7845 9320 6395 485 5195 1896 678 6196 848 1312 7063 4031 8531 2874 3316 1288 1019 6338 3270 4837 
1 2717 
1 9049 
2016 7379 8599 4836 768 9489 1037 8546 262 594 2463 2678 1356 8632 9258 9021 3635 1751 9744 5909 6541 5589 3809 4191 7153 8975 8606 7940 9840 2481 6914 1763 742 5147 9702 9663 5954 2851 6520 1560 3755 3778 2411 1422 9817 6995 5169 3530 7778 1652 6484 7771 3504 9055 881 3536 6072 9301 7152 9090 2825 2615 81 7635 3311 2954 7815 2074 8913 589 3104 867 3337 5669 4698 8568 9076 6514 3257 2298 8204 415 5658 8581 5639 1088 3742 6114 7952 3655 1842 4936 6850 4127 9385 129 6327 4320 1416 8276 581 7947 3091 5635 5000 4772 7658 320 5621 3020 5556 9865 8394 3438 9748 624 3810 230 8240 8718 5910 948 7438 3685 4573 7988 3278 7784 3320 6362 332 4898 1009 9929 4863 8357 6217 8029 568 5158 8906 6 1046 524 1108 8949 2876 285 1615 6495 952 7020 9608 3292 1992 831 726 4205 776 5211 7816 6256 1430 7329 9810 7342 183 3296 5272 2695 446 5376 6830 2549 6543 4051 4415 6680 4012 4107 2768 9381 3848 5815 7556 1132 8061 7836 9084 7200 2858 7733 4991 657 5653 4439 329 5412 5326 5222 3624 977 6311 8389 8086 7688 3699 5509 5812 4992 2491 5198 1367 9199 4000 1659 2642 5330 6349 6694 2092 8237 3179 5898 8822 9682 7450 7671 7189 2283 7316 8561 4877 6062 4235 4152 76 8231 400 6974 4385 6563 7926 2031 5250 3134 2063 7788 2470 4900 4231 5895 488 3227 3703 6306 6887 1663 3166 8995 7643 2893 3534 3688 5738 464 7744 2923 6239 35 7125 2162 8156 722 698 2173 8885 2645 2933 5763 8936 8509 26 539 5830 2966 4174 5094 2749 1703 2096 7859 2240 5320 7476 815 9883 6501 5652 1303 8538 9295 9146 6160 8820 7610 991 8304 5626 3844 9878 1755 3181 8298 1780 4074 1579 9770 7557 3959 5801 5980 1144 1142 3779 1553 5322 9402 8024 5470 921 1280 6371 9540 4808 9756 9338 7546 6409 1935 5471 2315 8121 1860 3540 3737 9322 538 5098 6431 938 4672 4274 6032 2178 4678 9238 4072 6662 9833 4082 3338 7747 9398 7623 5380 9026 7000 8526 3889 7986 2729 2840 3323 1925 2202 1645 6761 8009 7210 4648 3570 3229 7521 8609 4548 2368 9739 4773 876 367 535 3363 2790 442 8851 3468 9547 2819 3680 3210 5834 179 6994 3211 8739 7884 7789 4364 4431 8447 7259 3917 2000 5484 1347 216 2100 6089 2599 4846 8331 6596 8469 5486 4401 6212 351 2370 4799 2608 5293 6056 5977 7706 6840 3173 3442 1777 3794 4761 3205 870 6248 5053 4314 4004 1867 6184 5430 4025 1282 7420 744 9484 8803 2144 6132 707 7705 2483 7115 8063 5736 4901 3022 291 1559 7392 9216 9895 2811 3864 6792 7577 7399 1875 5960 7340 5650 3322 7334 2061 4404 3454 6010 5676 4965 9363 3771 8836 8468 481 7682 911 6342 5238 7614 4876 7892 5237 2612 2324 5622 2198 322 9507 7742 4942 3118 7235 1005 1923 5889 3390 6679 1976 5900 6512 3293 1283 4238 477 4563 297 6526 1702 3158 4668 6417 6820 8610 1362 6165 6819 7488 7731 1041 3632 1298 6157 450 5634 3327 1634 8270 2926 1816 1394 4835 6074 1646 1432 6859 3219 5048 2993 207 787 3199 5003 3387 6145 2872 9952 1359 6178 5215 844 1707 7923 9576 7274 6013 8785 5912 3419 7057 2381 9977 5106 1258 7028 2653 5117 3050 3730 3749 5279 4423 2627 5946 2908 9105 6958 9205 2596 4245 3811 7351 8658 4344 6787 6759 3034 4133 1604 7318 5612 9945 150 9964 9582 3592 6824 1384 839 9103 6020 3935 1115 8652 3407 9624 3487 1535 2879 8072 1262 6131 4671 2827 5654 5500 5126 6302 990 3154 2378 1871 5896 2225 2333 6312 1307 5018 1797 8345 8532 3526 3547 1181 9038 5090 2258 4108 1059 2287 4906 7134 1837 5973 9819 9939 5825 6978 9422 2830 6752 6118 3426 397 9278 1986 164 1957 6555 8943 5031 7906 8782 9553 2744 7790 9431 4766 9192 3176 6942 4595 7719 7017 1153 7993 8160 8728 5331 5955 9508 3595 1383 829 4996 1573 847 3506 9984 8864 5945 2867 1836 673 1833 4701 9731 4825 5930 7297 4403 9885 6044 8489 696 1688 1735 7309 3019 7066 8214 634 5186 6683 1221 2332 8293 5714 4754 9314 9487 6653 987 8127 5630 3625 8944 6474 8058 9904 9699 176 5314 8608 8716 860 1961 6106 4020 7980 7530 1556 5359 2184 65 1475 2730 9681 6235 8964 6961 3191 2323 6456 6023 8300 4302 8557 199 201 4461 6812 4538 7268 8507 6269 3563 7027 2976 7042 6314 3953 6663 3865 674 9178 3845 1636 7523 2928 8226 3524 4183 4202 1297 8017 6625 6661 7758 1993 2126 9458 7833 489 1960 889 4443 7584 2194 8020 7847 5482 6098 9912 3754 5035 1310 1622 185 9167 9772 8510 9930 9711 4455 4332 1020 1472 970 7863 7823 4605 6346 9867 2435 7597 2374 4388 2755 5596 1981 875 988 1570 4628 1982 4700 5339 9455 1724 4848 1791 9638 29 8393 6183 7675 3914 6449 5688 2107 5011 855 2553 2714 271 3531 402 2186 3268 9670 8264 7427 5381 8388 8784 3966 4099 2946 326 8476 9131 5861 8466 3428 7310 2477 1934 2978 9345 1044 1964 2543 356 7676 2648 2197 5602 1215 2348 4505 6006 2870 6539 3583 9858 6081 9437 5772 7828 7544 3863 398 1155 1004 2402 9400 5114 4149 411 5336 4053 9148 5807 2316 7004 6378 2093 7135 7139 352 8498 4397 800 7356 7876 3837 2794 9259 1264 6451 3846 7734 8969 5291 2728 4708 9347 2220 2242 2918 8880 1531 2306 5428 8037 745 861 7289 1948 3915 4945 3543 3365 2737 3970 1211 2761 8205 2006 760 7052 9674 7595 1872 2797 7366 5862 999 1572 1657 2165 9481 126 208 2979 2319 3989 3039 2847 5987 2798 9516 6969 9227 8768 8366 5460 5678 1052 7916 8616 5759 111 2345 9500 7044 290 7840 2082 2712 1128 7895 4262 4891 4536 9291 3925 1783 261 2597 5153 7219 7843 6698 509 9758 9079 6649 4196 2460 8517 4610 2745 9572 9679 1723 3918 6021 9479 6315 1412 5835 5385 6980 5454 5467 1139 5207 9296 5696 2054 5583 3072 7240 4692 4886 7093 3830 4167 8456 3855 1461 899 5123 5916 5135 6852 9559 1790 9592 1493 7674 4199 5718 9860 473 5333 4413 3745 4163 3943 4402 6650 1212 9544 1793 3883 8291 36 9705 9187 1302 5022 9013 7937 8856 9219 2145 67 7958 3082 1335 5885 8420 3891 989 6860 4822 138 5508 7666 6174 1804 4756 2743 5427 8085 8220 2756 4033 2834 7848 32 1609 5873 5234 6231 5584 4273 2292 4533 5929 1730 1603 6684 6258 6746 2312 8625 7374 2105 9911 8449 6791 3840 4308 525 1375 5884 4098 2118 7079 8187 3501 5865 3231 347 3096 4091 7645 5838 6049 8485 3553 5699 4892 8631 2972 4234 1616 9365 9747 7258 4145 4851 2279 7605 3720 9375 6967 1943 8974 1920 7938 9812 8813 6589 3054 8602 1809 5058 3605 2377 3075 395 4218 8454 1665 5133 9085 1349 387 8703 6237 4979 5595 1392 2472 5129 5739 9773 6502 5453 1595 462 8463 1050 3901 6798 5788 7831 503 6442 5015 5358 778 3659 2014 4718 9262 7331 8149 1468 8217 3962 2943 6882 2195 4213 7998 3473 4288 9729 4743 3059 2360 9734 2545 2748 3425 6821 5856 882 204 8486 7527 4384 6846 6809 9355 1521 8364 8800 7687 3821 4153 2757 3684 107 5857 2655 4859 6741 8989 9684 4265 6666 1543 5122 5906 1540 430 6838 69 7636 9228 1338 5451 7547 7016 2542 6353 7322 3177 8894 9612 4677 7001 3463 3011 1827 2024 2239 9235 6240 2511 2409 9948 9537 7260 1717 7761 1549 5150 9617 8956 8280 5775 4508 536 9597 783 316 6808 9350 3488 8572 390 5723 9623 4685 6551 77 9342 4096 7670 8951 7507 5397 7311 3276 5965 9409 1233 8592 5504 1862 1065 7583 4641 9279 9634 5039 5791 6455 6181 9099 7324 6227 7365 5252 168 175 6737 4407 8835 1374 585 7825 7664 5225 7404 83 7024 7264 469 8152 2934 3937 2898 6839 5617 1395 9695 2776 8130 460 2356 1799 1907 1650 2427 6095 6401 2764 5817 8613 6918 4987 2605 3921 6061 3858 6641 2375 8681 958 7921 219 7849 7726 9866 1242 6863 1725 8480 5086 7984 304 5263 4571 7039 8930 6040 3238 7781 5068 139 8176 4498 3045 8457 9404 2153 3577 5403 4229 9525 6667 8853 704 8151 7894 6656 1054 7860 6738 2771 4046 7006 6092 4428 7905 3024 5656 8068 8396 638 9859 1675 401 9250 5075 3542 6205 4791 7874 2622 5588 5719 8416 7040 941 8045 1223 2362 1584 1502 8352 7394 1728 5369 1910 6522 2644 7774 9310 6288 547 4342 4765 49 5227 1357 7308 3185 3757 653 7215 2355 5989 6853 2085 4118 6305 5605 7660 8706 7696 3946 616 9554 5419 7861 6619 3123 7081 3450 58 649 4550 172 5607 6254 2562 1581 9768 5866 2532 731 270 6370 170 6713 6308 1687 4497 6970 8209 449 3948 6122 9126 1340 3484 6639 754 1161 8183 802 4504 3308 5395 4059 8382 5367 4909 9305 9667 619 9352 5269 3589 9318 7055 8823 5984 7569 5575 1454 4897 41 1807 5304 2357 5824 2223 6862 8911 2974 3130 3477 4966 8140 9678 5418 9473 335 1117 3128 8368 3636 8470 22 1740 3913 6719 8901 7708 5270 7517 667 3148 1583 596 4197 2160 2159 5111 381 5803 6781 7814 6438 309 3744 2339 5242 8939 6067 7306 7030 961 3285 260 1265 8543 4222 4456 4627 1605 9087 1202 222 7515 2146 966 1069 2106 5867 5204 2072 9694 9767 3175 3058 1079 7967 4357 2459 4860 1291 4653 2420 6392 5534 9971 7465 9526 1328 1823 2616 8717 9 2313 2570 6800 2030 2640 104 8733 9887 8210 711 3610 2560 5892 8872 7966 2141 6439 9419 171 2505 8869 5715 2273 394 2641 6383 8262 253 3067 331 8811 2341 6585 6888 5843 8515 1116 6844 9132 1184 2515 6570 9938 7161 8874 8467 7091 3803 4662 8645 6361 5853 7822 7611 4223 3885 4318 7493 4305 1510 3032 4056 4631 7950 9201 5672 2992 7548 9632 5276 5511 8134 6919 5629 2863 7144 4414 8377 9605 8961 4217 4731 6587 2945 1017 9715 5415 3698 5274 8308 4085 858 3373 145 8781 3951 8093 4682 1719 7370 3817 1686 2958 6162 7545 7406 63 5131 5543 9710 2856 8442 8912 6159 6105 6837 2169 7712 1043 554 2906 9212 5795 6052 5421 5271 1528 8049 27 8979 1030 6097 5972 5735 8738 7107 3997 5213 5179 9853 797 325 9133 7449 7740 7475 6437 5519 2446 4376 2028 3314 5766 6655 3806 1902 1592 124 5958 7873 7407 3332 8075 68 8025 3585 358 6640 3370 5448 5814 8076 6307 1470 7083 6590 8582 3781 4130 7133 9009 1048 3328 4969 6876 5351 4669 6857 4742 5860 3069 9248 1632 4103 9203 5548 2590 1038 4617 5040 8228 8013 1530 7715 7326 2185 8219 3799 3854 3772 4881 7471 7819 2824 8928 9983 3212 5309 9475 1355 701 1647 7238 8924 9950 3950 2846 4037 9432 1254 5253 7567 8062 4186 7935 3241 1353 5413 5535 9611 1391 3474 5353 519 7281 9685 2390 7900 759 166 3565 1066 8425 385 2508 6956 2395 3707 6179 3873 5822 3658 44 8163 9144 5027 4866 6629 9602 4316 4050 7776 5209 1994 2352 9414 9905 6992 2046 6458 9944 1270 6440 2626 2884 2821 8301 8628 3568 9517 2980 9769 4833 3916 6425 2554 2391 9857 6592 520 7598 3295 9261 119 8036 1125 840 2658 8594 5259 9589 6893 2833 3299 8324 4916 3646 3415 8560 2563 2210 6026 4841 2252 4044 109 4023 391 9086 9195 5566 6546 6115 8577 3931 6704 9510 3053 3573 8005 5947 8834 8479 3795 
1683 1194 5919 389 3767 3161 3272 7196 4390 5245 3028 9451 1015 2359 4450 8433 8290 9999 6208 9569 4361 5891 3507 7113 7239 1433 9519 1821 549 807 408 6441 3111 6129 5307 6499 3389 789 4810 5296 8793 2693 995 576 8340 4435 693 9754 1118 2649 9528 6762 7097 7373 688 4337 454 4255 7119 605 3516 6692 799 4058 6607 9600 350 7088 6547 7854 8073 3833 1586 5141 8244 4438 1682 9735 5255 5134 3135 9848 9462 3926 4100 5377 5711 4405 4744 2476 318 7844 7068 8173 457 8038 9229 5557 3515 3903 6430 8031 8189 4493 905 7997 1021 6740 4373 884 8035 6397 600 2619 3430 5593 4144 5949 8506 7520 7071 7157 3527 4820 5287 1525 2416 2091 1204 6066 9513 8633 8464 5347 8167 6412 4432 6634 1 6946 5232 4561 9270 4586 553 5181 4735 1252 4625 2889 1919 105 6452 7023 9861 1697 1435 5820 6576 6972 6251 633 9856 828 6405 604 7352 9321 2844 8158 1213 9580 377 1819 8095 2690 9081 5431 8104 4150 4154 3006 7436 2637 8224 9042 7224 4173 1423 1744 2527 7911 257 4220 4971 3718 3502 2694 4762 2524 3046 393 8339 6198 9697 2413 8623 5151 2478 6220 8097 2204 1456 6999 2473 2431 2451 6350 5340 2196 1977 143 5536 6005 6059 774 4128 1409 1722 1564 1879 5066 4934 6580 1486 750 9505 6042 9512 2937 9607 3919 8805 9156 9158 8971 4614 6928 9336 9960 6154 6427 5747 259 3533 763 5268 6389 1160 3431 7754 7917 269 8740 6901 2551 1199 772 5229 5284 5810 1590 1479 4230 2557 7589 2964 1795 7165 6481 4807 1931 7563 4029 6191 8302 4024 6681 3221 4705 9170 9647 9448 3395 2121 515 5976 3690 1320 7437 2849 6670 717 6561 669 3619 7956 5516 4141 708 6303 7291 2865 654 5572 354 5648 6766 4967 965 6141 2203 4207 3042 3125 3598 8761 1350 1689 4209 5396 4932 455 1085 9677 5603 2154 4157 690 2498 5001 4542 3284 5687 748 8743 7667 9973 8432 5897 9117 3122 4532 947 3136 5773 3343 5493 8295 4134 205 1415 9534 6169 6932 498 9435 1732 2049 2702 4142 293 5345 1364 8987 8483 4063 6945 3429 8598 456 9745 1969 8032 1390 7954 8260 6085 2676 4551 916 9561 6832 242 3300 9587 1397 9130 8354 5530 6432 34 418 1073 5236 2439 869 5599 4071 6134 5159 805 2042 5400 528 1490 9421 8078 8937 6108 5097 505 8753 6606 7460 1811 8126 2354 1239 4757 7665 3471 9031 1591 9140 8729 3448 8662 8274 9908 919 2968 5827 1914 7902 9082 9056 2915 1987 4842 196 339 9002 6886 3485 4066 9822 8933 173 4284 4280 3941 4416 5551 4976 5432 4983 5753 8332 2270 7009 42 2131 5831 4995 487 4298 3825 1436 254 3119 1393 5167 2731 1487 1737 944 1241 3413 7533 8323 3766 5686 3013 8586 9054 2534 9275 2289 1734 7931 9594 6751 5836 6951 6554 9891 9255 9575 4675 6318 2492 5971 4540 1508 2025 1308 1843 4899 5970 4490 918 9736 1787 9236 6284 6805 7941 2111 737 5579 8279 8147 2119 2392 3947 9394 1606 8849 1599 3928 3114 4990 9061 542 6949 4184 8573 753 1424 9625 2739 6938 5708 3597 9358 4985 3120 5751 1047 1933 1187 5016 289 3206 9303 1137 7743 4328 1760 5953 713 629 2929 2083 6466 7386 5203 7625 3289 4120 1466 3142 3662 4242 4292 7168 912 8142 9656 8580 2577 5193 8263 5671 3523 3310 3404 2485 8380 1281 5349 7388 4421 7629 8643 9163 8405 8051 808 9362 8749 9665 8137 2036 8875 7591 2264 9157 4363 3549 718 1093 4664 340 595 8238 8877 447 6180 4974 7181 7970 1664 1311 7403 2034 1937 2350 3687 8172 4964 3783 936 5143 2672 2503 7183 1672 1830 1752 8723 2465 3307 2663 5417 4817 9467 9716 6261 3084 5402 363 532 9337 8852 4654 1124 1539 5034 5313 9779 1693 4449 7866 4975 1661 612 5943 6468 9015 3255 2519 7798 9413 3405 5804 9606 4 2182 6716 5932 6459 3721 2594 2335 3132 6418 2544 8844 7160 3988 9851 8600 3847 2139 4093 2048 3068 3555 888 3945 6153 4113 3832 9835 1388 3588 1668 3804 6573 1504 5542 7826 7606 4786 421 6094 5616 9317 6728 7244 3350 9246 8801 1174 5472 2351 7225 9025 4782 8876 5410 8724 1629 8124 8548 7021 8399 7642 6538 5700 2331 1745 4370 6396 6077 4354 9549 9863 9093 5447 5704 1317 8810 4090 7085 7338 4994 4299 4689 1945 6601 3489 1249 5231 1130 3711 8846 1500 6565 9806 6726 931 2575 7714 9712 7484 9502 5439 108 6419 4463 9286 7628 147 1301 6272 2471 9529 5503 3971 885 691 9789 90 5677 371 6553 2101 8817 7179 9830 98 3657 3649 6959 4616 2845 1477 1865 9841 6865 3550 1496 543 7246 3385 2275 342 5083 365 2953 6472 5445 972 9531 9491 6411 1217 9218 504 1825 6604 4131 9558 1100 5601 2393 8177 8626 1318 9855 7851 7428 308 7209 5963 814 3480 227 3532 3200 1256 2084 9518 5665 8860 2340 845 6510 2725 7429 724 4035 6973 9382 2372 2905 1544 8673 7184 3505 6263 895 4690 9244 6022 9415 5781 7985 3317 9428 4126 7156 5706 3671 1597 9315 6120 8636 2489 3417 5796 7932 6012 9775 9800 974 7043 1885 9570 5643 275 4560 7759 4921 7041 7654 420 9331 7887 6433 6807 37 7770 7946 4502 2152 9077 8859 9369 405 1075 1739 9662 811 1800 8664 9095 2864 2875 453 5157 7730 5188 6697 1277 7354 6175 7695 4871 709 3094 9145 6668 3149 5041 3470 2163 7532 7205 3562 2732 6778 8157 3816 2967 2639 3874 6286 8680 383 8847 2293 6454 5576 1511 8754 4077 1782 3601 6771 6593 2578 5023 9442 3283 630 5096 3819 3665 9001 6257 8435 5360 9683 7072 9499 7877 3960 9703 1624 413 6835 8408 4499 1771 6444 1727 5194 3909 2861 8376 8186 2022 1224 1832 3349 1437 1185 4695 2638 661 1701 1081 8390 3198 1232 3798 4954 8129 4454 4137 9271 9240 608 5051 483 2613 9706 7500 7514 1482 3073 7692 2256 4083 3715 8770 9707 3247 9008 6185 7249 1193 9823 5521 4097 3896 6204 4781 715 5228 627 5777 9480 9280 4513 9893 5875 4567 5487 102 3267 6785 7832 8403 910 3486 8541 7870 5799 178 7266 7491 2114 2219 5145 7423 1008 9980 4661 3701 6330 573 8 8748 1068 2450 2094 7619 4257 703 834 246 9028 8030 8963 7087 9183 2860 7431 906 8312 9886 9797 8660 2623 8211 7137 6549 9923 5007 8117 3140 4312 5774 9521 8737 5555 296 546 7341 4760 8955 3769 8252 5524 423 328 9000 6429 4737 9134 6950 1716 9584 7683 6660 3162 4315 7378 4425 3969 6767 4418 8990 1801 3218 8116 6628 7357 2438 7982 250 6485 1698 5329 2895 7123 1109 9916 8519 6295 886 6608 2414 12 8708 9361 6682 6453 7772 2241 8305 8977 1938 7104 668 2786 1045 6841 52 9796 6896 7278 2231 5043 30 3879 5728 4980 2280 7148 537 9532 2531 8285 3880 6360 9538 4055 4047 6193 100 4524 1608 2080 5408 7067 8351 2506 983 3987 2138 186 9704 7653 4943 650 9918 4667 8545 1696 5319 4334 4287 1429 6292 5046 3269 2255 8419 59 6068 7361 2309 1170 6283 3732 4331 5162 8350 4360 7158 1248 5315 782 6700 4383 9023 922 343 7073 8831 234 7596 6033 7639 4883 1458 6083 2076 6975 9571 562 6494 4792 5746 9254 1534 3983 8022 1201 5310 3961 5744 6718 8854 7724 2408 8443 6144 4016 3078 4190 6199 530 6352 3057 7486 6599 3726 8208 3994 157 9795 4106 9753 1748 1057 3521 8089 7451 9603 4719 6011 3627 6685 3402 606 1250 4330 2813 8346 8796 7974 4101 295 6783 5026 733 2617 5765 237 8775 9430 4935 9104 7543 8318 7526 2103 2260 3339 7151 2429 658 1523 7837 7120 8268 9816 496 8899 9781 7827 9141 6528 9260 6450 8629 9348 4391 2399 5356 2073 8144 3190 9022 2058 4910 1387 4187 4999 7402 1165 1870 2274 4304 6944 4225 4696 8617 2816 4905 9383 2650 225 7098 6479 3306 6025 7302 5727 6763 3897 925 4587 5110 4081 5476 6002 4558 5523 6858 4102 7704 3420 9590 1279 6091 6777 9690 2250 3152 6079 4800 8255 2188 8371 2956 8634 8589 3668 6872 1469 6671 8079 8212 8654 9311 4643 7400 9468 4951 1053 8003 1680 1509 7117 4917 7321 4922 6082 6906 3080 7287 6029 6505 587 6982 9876 9871 1681 5538 4933 4545 3886 968 3462 6916 5901 5163 459 1711 5800 8087 2286 4776 3399 3706 1244 6690 6273 9300 5956 5442 9995 9426 3097 2607 7026 2045 5037 7169 5874 5089 2077 121 7604 9776 7254 4346 8169 2322 4319 9698 1598 3047 9496 2960 3995 6926 5119 4531 5180 5798 8171 2179 7076 2671 1441 6754 6400 4920 1403 2041 7389 5009 5552 5854 4598 9150 7538 2704 4882 3331 4553 3843 3182 1483 9947 3963 6316 3616 7111 6533 9825 9045 5695 3984 7305 8916 7531 8871 8766 2924 2920 9888 1950 6748 6290 1958 8569 2614 6497 3834 2963 7499 2452 2770 7505 9618 6693 1072 6971 6797 1527 3857 2386 4543 4849 221 8941 7256 3421 4816 1822 6504 3348 7549 4893 6123 9889 6861 6508 9696 4676 514 2746 3335 8362 7412 6488 1275 3124 6930 8802 7820 9476 158 2038 3626 3141 2314 135 3077 6905 2521 4703 8804 144 9327 2267 2325 4958 1133 9655 6703 7910 7689 2862 3842 9786 5974 4393 671 8649 3286 5569 4519 1158 5999 896 6457 245 4277 5720 2719 8012 4596 6552 9799 1345 3517 9075 3933 2067 7616 7422 3115 1489 7572 7301 1402 5996 6579 523 3336 5128 1653 8710 9204 4408 8261 757 930 3244 3862 1767 6030 4740 4783 2635 2090 8530 9720 3912 7509 8690 1507 2841 
0  
0  
0  
0  
0  
0  
0  
0  
0  
0  
0  
0  
0  
0  
0  
0  
0  
0  
0  
0  
0  
0  
0  
0  
0  
0  
0  
0  
0  
0  
0  
0  
0  
0  
