564
1 0 1 14
2 0 2 14
3 0 3 14
4 0 4 14
5 0 5 14
7 0 7 14
8 0 8 14
11 0 11 14
13 0 13 14
25 0 25 14
27 0 27 14
28 0 28 14
30 0 30 14
32 0 32 14
33 0 33 14
35 0 35 14
36 0 36 14
37 0 37 14
38 0 38 14
40 0 40 14
44 0 44 14
47 0 47 14
48 0 48 14
50 0 50 14
51 0 51 14
53 0 53 14
54 0 54 14
55 0 55 14
57 0 57 14
59 0 59 14
60 0 60 14
62 0 62 14
65 0 65 14
66 0 66 14
68 0 68 14
69 0 69 14
70 0 70 14
74 0 74 14
75 0 75 14
76 0 76 14
77 0 77 14
78 0 78 14
79 0 79 14
81 0 81 14
82 0 82 14
83 0 83 14
89 0 89 14
90 0 90 14
91 0 91 14
92 0 92 14
96 0 96 14
97 0 97 14
99 0 99 14
100 0 100 14
102 0 102 14
104 0 104 14
105 0 105 14
107 0 107 14
109 0 109 14
110 0 110 14
112 0 112 14
114 0 114 14
115 0 115 14
117 0 117 14
118 0 118 14
119 0 119 14
124 0 124 14
125 0 125 14
126 0 126 14
127 0 127 14
128 0 128 14
129 0 129 14
130 0 130 14
131 0 131 14
132 0 132 14
134 0 134 14
136 0 136 14
137 0 137 14
138 0 138 14
141 0 141 14
142 0 142 14
144 0 144 14
145 0 145 14
147 0 147 14
153 0 153 14
156 0 156 14
157 0 157 14
158 0 158 14
160 0 160 14
163 0 163 14
164 0 164 14
166 0 166 14
169 0 169 14
174 0 174 14
175 0 175 14
176 0 176 14
177 0 177 14
178 0 178 14
179 0 179 14
181 0 181 14
182 0 182 14
183 0 183 14
185 0 185 14
186 0 186 14
187 0 187 14
188 0 188 14
190 0 190 14
191 0 191 14
195 0 195 14
197 0 197 14
200 0 200 14
201 0 201 14
207 0 207 14
210 0 210 14
211 0 211 14
215 0 215 14
216 0 216 14
218 0 218 14
220 0 220 14
221 0 221 14
222 0 222 14
223 0 223 14
226 0 226 14
227 0 227 14
230 0 230 14
232 0 232 14
234 0 234 14
236 0 236 14
237 0 237 14
238 0 238 14
240 0 240 14
242 0 242 14
246 0 246 14
247 0 247 14
248 0 248 14
249 0 249 14
250 0 250 14
251 0 251 14
255 0 255 14
256 0 256 14
258 0 258 14
259 0 259 14
260 0 260 14
264 0 264 14
265 0 265 14
266 0 266 14
270 0 270 14
271 0 271 14
274 0 274 14
275 0 275 14
277 0 277 14
278 0 278 14
281 0 281 14
284 0 284 14
285 0 285 14
286 0 286 14
287 0 287 14
288 0 288 14
289 0 289 14
290 0 290 14
291 0 291 14
292 0 292 14
294 0 294 14
295 0 295 14
299 0 299 14
300 0 300 14
301 0 301 14
304 0 304 14
305 0 305 14
307 0 307 14
308 0 308 14
310 0 310 14
311 0 311 14
316 0 316 14
317 0 317 14
321 0 321 14
323 0 323 14
326 0 326 14
327 0 327 14
330 0 330 14
331 0 331 14
333 0 333 14
335 0 335 14
336 0 336 14
340 0 340 14
341 0 341 14
342 0 342 14
344 0 344 14
346 0 346 14
349 0 349 14
350 0 350 14
351 0 351 14
352 0 352 14
355 0 355 14
356 0 356 14
357 0 357 14
358 0 358 14
359 0 359 14
361 0 361 14
363 0 363 14
365 0 365 14
366 0 366 14
368 0 368 14
372 0 372 14
373 0 373 14
376 0 376 14
378 0 378 14
381 0 381 14
382 0 382 14
383 0 383 14
384 0 384 14
385 0 385 14
387 0 387 14
388 0 388 14
389 0 389 14
390 0 390 14
392 0 392 14
394 0 394 14
395 0 395 14
397 0 397 14
399 0 399 14
400 0 400 14
402 0 402 14
403 0 403 14
404 0 404 14
410 0 410 14
412 0 412 14
413 0 413 14
415 0 415 14
416 0 416 14
418 0 418 14
420 0 420 14
421 0 421 14
422 0 422 14
424 0 424 14
428 0 428 14
431 0 431 14
432 0 432 14
433 0 433 14
434 0 434 14
436 0 436 14
438 0 438 14
439 0 439 14
440 0 440 14
442 0 442 14
443 0 443 14
444 0 444 14
447 0 447 14
448 0 448 14
449 0 449 14
450 0 450 14
453 0 453 14
455 0 455 14
457 0 457 14
458 0 458 14
459 0 459 14
462 0 462 14
463 0 463 14
466 0 466 14
467 0 467 14
468 0 468 14
469 0 469 14
471 0 471 14
474 0 474 14
475 0 475 14
476 0 476 14
477 0 477 14
478 0 478 14
480 0 480 14
482 0 482 14
483 0 483 14
484 0 484 14
485 0 485 14
486 0 486 14
487 0 487 14
490 0 490 14
491 0 491 14
492 0 492 14
494 0 494 14
495 0 495 14
498 0 498 14
500 0 500 14
503 0 503 14
504 0 504 14
505 0 505 14
506 0 506 14
507 0 507 14
508 0 508 14
510 0 510 14
513 0 513 14
514 0 514 14
515 0 515 14
516 0 516 14
519 0 519 14
521 0 521 14
523 0 523 14
525 0 525 14
527 0 527 14
531 0 531 14
532 0 532 14
535 0 535 14
536 0 536 14
538 0 538 14
541 0 541 14
542 0 542 14
543 0 543 14
544 0 544 14
545 0 545 14
548 0 548 14
549 0 549 14
550 0 550 14
553 0 553 14
554 0 554 14
555 0 555 14
556 0 556 14
557 0 557 14
558 0 558 14
561 0 561 14
562 0 562 14
563 0 563 14
564 0 564 14
566 0 566 14
567 0 567 14
568 0 568 14
570 0 570 14
571 0 571 14
580 0 580 14
581 0 581 14
585 0 585 14
586 0 586 14
587 0 587 14
588 0 588 14
591 0 591 14
592 0 592 14
594 0 594 14
596 0 596 14
597 0 597 14
599 0 599 14
600 0 600 14
601 0 601 14
602 0 602 14
604 0 604 14
605 0 605 14
608 0 608 14
610 0 610 14
613 0 613 14
614 0 614 14
615 0 615 14
616 0 616 14
622 0 622 14
624 0 624 14
625 0 625 14
626 0 626 14
627 0 627 14
628 0 628 14
630 0 630 14
632 0 632 14
634 0 634 14
635 0 635 14
637 0 637 14
638 0 638 14
639 0 639 14
641 0 641 14
642 0 642 14
643 0 643 14
644 0 644 14
645 0 645 14
646 0 646 14
647 0 647 14
649 0 649 14
650 0 650 14
652 0 652 14
653 0 653 14
654 0 654 14
655 0 655 14
656 0 656 14
657 0 657 14
659 0 659 14
660 0 660 14
661 0 661 14
662 0 662 14
664 0 664 14
665 0 665 14
666 0 666 14
667 0 667 14
670 0 670 14
671 0 671 14
673 0 673 14
674 0 674 14
675 0 675 14
678 0 678 14
679 0 679 14
681 0 681 14
683 0 683 14
684 0 684 14
686 0 686 14
689 0 689 14
690 0 690 14
692 0 692 14
693 0 693 14
696 0 696 14
698 0 698 14
701 0 701 14
702 0 702 14
705 0 705 14
706 0 706 14
711 0 711 14
712 0 712 14
714 0 714 14
715 0 715 14
716 0 716 14
718 0 718 14
721 0 721 14
723 0 723 14
726 0 726 14
728 0 728 14
729 0 729 14
730 0 730 14
731 0 731 14
733 0 733 14
735 0 735 14
738 0 738 14
739 0 739 14
740 0 740 14
741 0 741 14
743 0 743 14
744 0 744 14
745 0 745 14
747 0 747 14
748 0 748 14
749 0 749 14
751 0 751 14
752 0 752 14
753 0 753 14
755 0 755 14
760 0 760 14
763 0 763 14
764 0 764 14
765 0 765 14
766 0 766 14
767 0 767 14
772 0 772 14
774 0 774 14
776 0 776 14
777 0 777 14
779 0 779 14
782 0 782 14
785 0 785 14
786 0 786 14
789 0 789 14
790 0 790 14
794 0 794 14
797 0 797 14
800 0 800 14
802 0 802 14
804 0 804 14
805 0 805 14
807 0 807 14
811 0 811 14
814 0 814 14
815 0 815 14
820 0 820 14
821 0 821 14
824 0 824 14
825 0 825 14
827 0 827 14
828 0 828 14
829 0 829 14
831 0 831 14
833 0 833 14
835 0 835 14
836 0 836 14
837 0 837 14
838 0 838 14
840 0 840 14
842 0 842 14
844 0 844 14
846 0 846 14
847 0 847 14
850 0 850 14
854 0 854 14
856 0 856 14
857 0 857 14
858 0 858 14
859 0 859 14
862 0 862 14
863 0 863 14
864 0 864 14
866 0 866 14
867 0 867 14
868 0 868 14
869 0 869 14
870 0 870 14
871 0 871 14
872 0 872 14
874 0 874 14
875 0 875 14
876 0 876 14
877 0 877 14
879 0 879 14
880 0 880 14
881 0 881 14
882 0 882 14
883 0 883 14
884 0 884 14
885 0 885 14
886 0 886 14
889 0 889 14
891 0 891 14
892 0 892 14
893 0 893 14
894 0 894 14
895 0 895 14
896 0 896 14
898 0 898 14
899 0 899 14
905 0 905 14
906 0 906 14
907 0 907 14
909 0 909 14
913 0 913 14
914 0 914 14
915 0 915 14
916 0 916 14
919 0 919 14
921 0 921 14
922 0 922 14
925 0 925 14
926 0 926 14
928 0 928 14
931 0 931 14
933 0 933 14
934 0 934 14
936 0 936 14
938 0 938 14
940 0 940 14
941 0 941 14
942 0 942 14
945 0 945 14
948 0 948 14
953 0 953 14
954 0 954 14
956 0 956 14
958 0 958 14
961 0 961 14
964 0 964 14
966 0 966 14
967 0 967 14
968 0 968 14
970 0 970 14
971 0 971 14
972 0 972 14
973 0 973 14
974 0 974 14
975 0 975 14
977 0 977 14
981 0 981 14
983 0 983 14
987 0 987 14
988 0 988 14
992 0 992 14
995 0 995 14
996 0 996 14
997 0 997 14
