170
0 0 0 12
1 0 1 12
3 0 3 12
4 0 4 12
5 0 5 12
6 0 6 12
7 0 7 12
8 0 8 12
10 0 10 12
11 0 11 12
12 0 12 12
13 0 13 12
14 0 14 12
15 0 15 12
16 0 16 12
17 0 17 12
18 0 18 12
19 0 19 12
20 0 20 12
21 0 21 12
22 0 22 12
23 0 23 12
24 0 24 12
25 0 25 12
26 0 26 12
27 0 27 12
28 0 28 12
29 0 29 12
30 0 30 12
31 0 31 12
32 0 32 12
33 0 33 12
35 0 35 12
36 0 36 12
37 0 37 12
38 0 38 12
41 0 41 12
42 0 42 12
43 0 43 12
44 0 44 12
45 0 45 12
47 0 47 12
49 0 49 12
50 0 50 12
51 0 51 12
52 0 52 12
53 0 53 12
54 0 54 12
55 0 55 12
56 0 56 12
57 0 57 12
58 0 58 12
59 0 59 12
61 0 61 12
62 0 62 12
64 0 64 12
65 0 65 12
66 0 66 12
67 0 67 12
68 0 68 12
69 0 69 12
70 0 70 12
71 0 71 12
72 0 72 12
73 0 73 12
74 0 74 12
75 0 75 12
76 0 76 12
77 0 77 12
78 0 78 12
79 0 79 12
80 0 80 12
81 0 81 12
82 0 82 12
83 0 83 12
84 0 84 12
86 0 86 12
87 0 87 12
88 0 88 12
89 0 89 12
90 0 90 12
91 0 91 12
92 0 92 12
93 0 93 12
94 0 94 12
95 0 95 12
96 0 96 12
98 0 98 12
99 0 99 12
100 0 100 12
101 0 101 12
102 0 102 12
103 0 103 12
105 0 105 12
106 0 106 12
107 0 107 12
108 0 108 12
109 0 109 12
110 0 110 12
112 0 112 12
113 0 113 12
114 0 114 12
115 0 115 12
117 0 117 12
118 0 118 12
120 0 120 12
121 0 121 12
124 0 124 12
125 0 125 12
127 0 127 12
128 0 128 12
130 0 130 12
131 0 131 12
132 0 132 12
135 0 135 12
136 0 136 12
137 0 137 12
138 0 138 12
139 0 139 12
140 0 140 12
141 0 141 12
142 0 142 12
143 0 143 12
144 0 144 12
145 0 145 12
146 0 146 12
147 0 147 12
148 0 148 12
149 0 149 12
151 0 151 12
152 0 152 12
153 0 153 12
154 0 154 12
157 0 157 12
158 0 158 12
160 0 160 12
161 0 161 12
162 0 162 12
163 0 163 12
165 0 165 12
166 0 166 12
168 0 168 12
169 0 169 12
170 0 170 12
171 0 171 12
172 0 172 12
173 0 173 12
174 0 174 12
175 0 175 12
176 0 176 12
177 0 177 12
178 0 178 12
179 0 179 12
180 0 180 12
181 0 181 12
182 0 182 12
183 0 183 12
185 0 185 12
186 0 186 12
187 0 187 12
188 0 188 12
189 0 189 12
190 0 190 12
191 0 191 12
192 0 192 12
193 0 193 12
194 0 194 12
195 0 195 12
197 0 197 12
198 0 198 12
