3490
1 0 1 11
1 13 1 24
1 33 1 44
1 46 1 57
1 59 1 70
1 72 1 83
1 85 1 96
1 98 1 109
1 111 1 122
1 124 1 135
1 137 1 148
1 150 1 161
1 163 1 174
1 176 1 187
1 189 1 200
1 205 1 216
1 218 1 229
1 231 1 242
2 0 2 11
2 15 2 26
2 28 2 39
2 41 2 52
2 54 2 65
2 73 2 84
2 86 2 97
2 99 2 110
2 114 2 125
2 129 2 140
2 143 2 154
2 156 2 167
2 169 2 180
2 182 2 193
2 199 2 210
2 212 2 223
2 226 2 237
3 5 3 16
3 18 3 29
3 32 3 43
3 46 3 57
3 59 3 70
3 72 3 83
3 85 3 96
3 98 3 109
3 111 3 122
3 124 3 135
3 137 3 148
3 150 3 161
3 163 3 174
3 176 3 187
3 195 3 206
3 208 3 219
3 223 3 234
3 236 3 247
4 0 4 11
4 13 4 24
4 26 4 37
4 41 4 52
4 54 4 65
4 67 4 78
4 80 4 91
4 93 4 104
4 106 4 117
4 119 4 130
4 132 4 143
4 145 4 156
4 158 4 169
4 171 4 182
4 185 4 196
4 204 4 215
4 217 4 228
4 230 4 241
5 0 5 11
5 13 5 24
5 31 5 42
5 45 5 56
5 58 5 69
5 71 5 82
5 85 5 96
5 99 5 110
5 121 5 132
5 134 5 145
5 147 5 158
5 170 5 181
5 183 5 194
5 196 5 207
5 209 5 220
5 227 5 238
6 0 6 11
6 13 6 24
6 26 6 37
6 39 6 50
6 52 6 63
6 65 6 76
6 78 6 89
6 91 6 102
6 104 6 115
6 121 6 132
6 134 6 145
6 147 6 158
6 160 6 171
6 173 6 184
6 186 6 197
6 199 6 210
6 212 6 223
6 225 6 236
6 238 6 249
7 0 7 11
7 13 7 24
7 26 7 37
7 46 7 57
7 62 7 73
7 75 7 86
7 88 7 99
7 106 7 117
7 119 7 130
7 132 7 143
7 145 7 156
7 158 7 169
7 171 7 182
7 184 7 195
7 197 7 208
7 212 7 223
7 227 7 238
8 0 8 11
8 14 8 25
8 27 8 38
8 40 8 51
8 53 8 64
8 71 8 82
8 84 8 95
8 97 8 108
8 110 8 121
8 123 8 134
8 136 8 147
8 149 8 160
8 162 8 173
8 175 8 186
8 188 8 199
8 201 8 212
8 214 8 225
8 227 8 238
9 0 9 11
9 13 9 24
9 26 9 37
9 40 9 51
9 53 9 64
9 66 9 77
9 79 9 90
9 92 9 103
9 105 9 116
9 118 9 129
9 132 9 143
9 145 9 156
9 158 9 169
9 171 9 182
9 184 9 195
9 197 9 208
9 210 9 221
9 231 9 242
10 2 10 13
10 15 10 26
10 28 10 39
10 41 10 52
10 54 10 65
10 67 10 78
10 80 10 91
10 101 10 112
10 114 10 125
10 127 10 138
10 145 10 156
10 158 10 169
10 172 10 183
10 185 10 196
10 198 10 209
10 211 10 222
10 227 10 238
11 0 11 11
11 13 11 24
11 26 11 37
11 39 11 50
11 52 11 63
11 65 11 76
11 78 11 89
11 91 11 102
11 111 11 122
11 128 11 139
11 141 11 152
11 156 11 167
11 172 11 183
11 185 11 196
11 198 11 209
11 211 11 222
11 224 11 235
11 237 11 248
12 0 12 11
12 13 12 24
12 26 12 37
12 39 12 50
12 52 12 63
12 66 12 77
12 79 12 90
12 92 12 103
12 108 12 119
12 121 12 132
12 138 12 149
12 158 12 169
12 171 12 182
12 184 12 195
12 198 12 209
12 214 12 225
12 227 12 238
13 0 13 11
13 13 13 24
13 26 13 37
13 45 13 56
13 58 13 69
13 71 13 82
13 84 13 95
13 97 13 108
13 111 13 122
13 125 13 136
13 138 13 149
13 151 13 162
13 164 13 175
13 177 13 188
13 190 13 201
13 203 13 214
13 216 13 227
13 229 13 240
14 0 14 11
14 13 14 24
14 27 14 38
14 40 14 51
14 53 14 64
14 66 14 77
14 79 14 90
14 92 14 103
14 105 14 116
14 118 14 129
14 131 14 142
14 147 14 158
14 160 14 171
14 173 14 184
14 186 14 197
14 199 14 210
14 212 14 223
14 225 14 236
14 238 14 249
15 0 15 11
15 13 15 24
15 26 15 37
15 39 15 50
15 52 15 63
15 65 15 76
15 78 15 89
15 91 15 102
15 104 15 115
15 117 15 128
15 130 15 141
15 143 15 154
15 163 15 174
15 177 15 188
15 190 15 201
15 203 15 214
15 218 15 229
15 231 15 242
16 0 16 11
16 19 16 30
16 32 16 43
16 45 16 56
16 58 16 69
16 71 16 82
16 84 16 95
16 97 16 108
16 110 16 121
16 123 16 134
16 136 16 147
16 156 16 167
16 169 16 180
16 183 16 194
16 196 16 207
16 209 16 220
16 223 16 234
16 238 16 249
17 0 17 11
17 13 17 24
17 26 17 37
17 39 17 50
17 52 17 63
17 65 17 76
17 84 17 95
17 98 17 109
17 111 17 122
17 133 17 144
17 146 17 157
17 159 17 170
17 172 17 183
17 185 17 196
17 198 17 209
17 211 17 222
17 231 17 242
18 0 18 11
18 13 18 24
18 26 18 37
18 39 18 50
18 52 18 63
18 65 18 76
18 78 18 89
18 91 18 102
18 116 18 127
18 129 18 140
18 145 18 156
18 158 18 169
18 171 18 182
18 184 18 195
18 200 18 211
18 214 18 225
18 229 18 240
19 0 19 11
19 13 19 24
19 26 19 37
19 39 19 50
19 52 19 63
19 72 19 83
19 85 19 96
19 98 19 109
19 111 19 122
19 124 19 135
19 137 19 148
19 152 19 163
19 165 19 176
19 178 19 189
19 191 19 202
19 204 19 215
19 217 19 228
19 230 19 241
20 1 20 12
20 14 20 25
20 27 20 38
20 40 20 51
20 53 20 64
20 66 20 77
20 79 20 90
20 92 20 103
20 114 20 125
20 127 20 138
20 140 20 151
20 153 20 164
20 166 20 177
20 179 20 190
20 192 20 203
20 205 20 216
20 223 20 234
20 236 20 247
21 0 21 11
21 13 21 24
21 26 21 37
21 39 21 50
21 52 21 63
21 65 21 76
21 78 21 89
21 92 21 103
21 105 21 116
21 124 21 135
21 137 21 148
21 151 21 162
21 164 21 175
21 177 21 188
21 190 21 201
21 203 21 214
21 216 21 227
21 229 21 240
22 0 22 11
22 13 22 24
22 26 22 37
22 39 22 50
22 53 22 64
22 66 22 77
22 79 22 90
22 92 22 103
22 105 22 116
22 118 22 129
22 131 22 142
22 145 22 156
22 158 22 169
22 176 22 187
22 189 22 200
22 202 22 213
22 215 22 226
22 228 22 239
23 0 23 11
23 13 23 24
23 26 23 37
23 39 23 50
23 52 23 63
23 65 23 76
23 78 23 89
23 91 23 102
23 104 23 115
23 117 23 128
23 130 23 141
23 143 23 154
23 156 23 167
23 170 23 181
23 183 23 194
23 196 23 207
23 209 23 220
23 222 23 233
23 235 23 246
24 0 24 11
24 13 24 24
24 26 24 37
24 39 24 50
24 52 24 63
24 65 24 76
24 78 24 89
24 91 24 102
24 104 24 115
24 123 24 134
24 138 24 149
24 151 24 162
24 164 24 175
24 177 24 188
24 190 24 201
24 203 24 214
24 216 24 227
24 229 24 240
25 0 25 11
25 13 25 24
25 26 25 37
25 39 25 50
25 52 25 63
25 65 25 76
25 78 25 89
25 91 25 102
25 111 25 122
25 124 25 135
25 137 25 148
25 150 25 161
25 163 25 174
25 176 25 187
25 189 25 200
25 203 25 214
25 217 25 228
25 232 25 243
26 0 26 11
26 13 26 24
26 26 26 37
26 39 26 50
26 52 26 63
26 65 26 76
26 79 26 90
26 92 26 103
26 105 26 116
26 119 26 130
26 136 26 147
26 157 26 168
26 170 26 181
26 183 26 194
26 196 26 207
26 209 26 220
26 222 26 233
26 235 26 246
27 0 27 11
27 13 27 24
27 26 27 37
27 39 27 50
27 52 27 63
27 65 27 76
27 78 27 89
27 91 27 102
27 105 27 116
27 118 27 129
27 134 27 145
27 147 27 158
27 160 27 171
27 173 27 184
27 186 27 197
27 204 27 215
27 217 27 228
27 230 27 241
28 0 28 11
28 14 28 25
28 28 28 39
28 41 28 52
28 56 28 67
28 75 28 86
28 90 28 101
28 103 28 114
28 116 28 127
28 129 28 140
28 142 28 153
28 155 28 166
28 168 28 179
28 181 28 192
28 194 28 205
28 207 28 218
28 220 28 231
29 0 29 11
29 13 29 24
29 26 29 37
29 40 29 51
29 53 29 64
29 66 29 77
29 88 29 99
29 101 29 112
29 135 29 146
29 149 29 160
29 162 29 173
29 175 29 186
29 188 29 199
29 201 29 212
29 224 29 235
30 0 30 11
30 13 30 24
30 30 30 41
30 54 30 65
30 67 30 78
30 80 30 91
30 93 30 104
30 106 30 117
30 119 30 130
30 132 30 143
30 145 30 156
30 158 30 169
30 171 30 182
30 184 30 195
30 197 30 208
30 210 30 221
30 223 30 234
30 236 30 247
31 0 31 11
31 13 31 24
31 27 31 38
31 42 31 53
31 55 31 66
31 68 31 79
31 81 31 92
31 94 31 105
31 107 31 118
31 120 31 131
31 133 31 144
31 146 31 157
31 161 31 172
31 174 31 185
31 187 31 198
31 200 31 211
31 213 31 224
31 228 31 239
32 0 32 11
32 13 32 24
32 31 32 42
32 50 32 61
32 63 32 74
32 76 32 87
32 89 32 100
32 102 32 113
32 115 32 126
32 128 32 139
32 141 32 152
32 154 32 165
32 167 32 178
32 185 32 196
32 200 32 211
32 213 32 224
32 226 32 237
33 0 33 11
33 13 33 24
33 26 33 37
33 39 33 50
33 52 33 63
33 65 33 76
33 78 33 89
33 91 33 102
33 104 33 115
33 119 33 130
33 132 33 143
33 145 33 156
33 158 33 169
33 171 33 182
33 184 33 195
33 197 33 208
33 210 33 221
33 223 33 234
33 236 33 247
34 0 34 11
34 13 34 24
34 35 34 46
34 48 34 59
34 62 34 73
34 75 34 86
34 88 34 99
34 101 34 112
34 117 34 128
34 130 34 141
34 143 34 154
34 156 34 167
34 169 34 180
34 209 34 220
34 222 34 233
34 235 34 246
35 21 35 32
35 35 35 46
35 48 35 59
35 68 35 79
35 83 35 94
35 105 35 116
35 118 35 129
35 131 35 142
35 145 35 156
35 158 35 169
35 171 35 182
35 184 35 195
35 197 35 208
35 210 35 221
35 224 35 235
35 237 35 248
36 0 36 11
36 13 36 24
36 26 36 37
36 39 36 50
36 52 36 63
36 70 36 81
36 83 36 94
36 97 36 108
36 110 36 121
36 123 36 134
36 136 36 147
36 149 36 160
36 162 36 173
36 185 36 196
36 198 36 209
36 211 36 222
36 224 36 235
36 237 36 248
37 0 37 11
37 13 37 24
37 26 37 37
37 46 37 57
37 59 37 70
37 72 37 83
37 85 37 96
37 106 37 117
37 119 37 130
37 132 37 143
37 147 37 158
37 160 37 171
37 173 37 184
37 186 37 197
37 199 37 210
37 212 37 223
37 225 37 236
37 238 37 249
38 0 38 11
38 13 38 24
38 26 38 37
38 39 38 50
38 54 38 65
38 70 38 81
38 83 38 94
38 97 38 108
38 110 38 121
38 123 38 134
38 136 38 147
38 155 38 166
38 168 38 179
38 182 38 193
38 195 38 206
38 208 38 219
38 223 38 234
38 236 38 247
39 0 39 11
39 13 39 24
39 26 39 37
39 39 39 50
39 52 39 63
39 65 39 76
39 79 39 90
39 92 39 103
39 112 39 123
39 125 39 136
39 138 39 149
39 151 39 162
39 170 39 181
39 183 39 194
39 196 39 207
39 209 39 220
39 222 39 233
39 235 39 246
40 3 40 14
40 16 40 27
40 32 40 43
40 45 40 56
40 62 40 73
40 76 40 87
40 89 40 100
40 102 40 113
40 115 40 126
40 128 40 139
40 141 40 152
40 154 40 165
40 167 40 178
40 180 40 191
40 193 40 204
40 209 40 220
40 222 40 233
40 235 40 246
41 3 41 14
41 16 41 27
41 29 41 40
41 42 41 53
41 59 41 70
41 72 41 83
41 85 41 96
41 113 41 124
41 126 41 137
41 139 41 150
41 152 41 163
41 169 41 180
41 182 41 193
41 195 41 206
41 208 41 219
41 221 41 232
41 234 41 245
42 0 42 11
42 13 42 24
42 26 42 37
42 39 42 50
42 52 42 63
42 65 42 76
42 78 42 89
42 91 42 102
42 104 42 115
42 117 42 128
42 130 42 141
42 143 42 154
42 156 42 167
42 169 42 180
42 182 42 193
42 195 42 206
42 212 42 223
42 225 42 236
42 238 42 249
43 0 43 11
43 15 43 26
43 28 43 39
43 41 43 52
43 54 43 65
43 68 43 79
43 85 43 96
43 98 43 109
43 111 43 122
43 124 43 135
43 137 43 148
43 150 43 161
43 163 43 174
43 176 43 187
43 189 43 200
43 202 43 213
43 215 43 226
43 228 43 239
44 0 44 11
44 16 44 27
44 36 44 47
44 49 44 60
44 70 44 81
44 83 44 94
44 96 44 107
44 109 44 120
44 122 44 133
44 135 44 146
44 151 44 162
44 166 44 177
44 179 44 190
44 193 44 204
44 206 44 217
44 219 44 230
44 232 44 243
45 0 45 11
45 13 45 24
45 26 45 37
45 39 45 50
45 52 45 63
45 65 45 76
45 78 45 89
45 91 45 102
45 104 45 115
45 118 45 129
45 131 45 142
45 144 45 155
45 157 45 168
45 170 45 181
45 183 45 194
45 196 45 207
45 209 45 220
45 222 45 233
45 235 45 246
46 0 46 11
46 13 46 24
46 26 46 37
46 39 46 50
46 54 46 65
46 67 46 78
46 83 46 94
46 96 46 107
46 109 46 120
46 122 46 133
46 135 46 146
46 148 46 159
46 161 46 172
46 174 46 185
46 187 46 198
46 200 46 211
46 213 46 224
46 226 46 237
47 3 47 14
47 16 47 27
47 29 47 40
47 42 47 53
47 58 47 69
47 71 47 82
47 84 47 95
47 108 47 119
47 121 47 132
47 134 47 145
47 147 47 158
47 163 47 174
47 176 47 187
47 189 47 200
47 202 47 213
47 215 47 226
47 228 47 239
48 0 48 11
48 13 48 24
48 26 48 37
48 39 48 50
48 52 48 63
48 65 48 76
48 78 48 89
48 91 48 102
48 104 48 115
48 117 48 128
48 135 48 146
48 148 48 159
48 161 48 172
48 174 48 185
48 187 48 198
48 204 48 215
48 217 48 228
49 13 49 24
49 26 49 37
49 39 49 50
49 52 49 63
49 67 49 78
49 80 49 91
49 93 49 104
49 116 49 127
49 129 49 140
49 142 49 153
49 155 49 166
49 169 49 180
49 182 49 193
49 195 49 206
49 209 49 220
49 222 49 233
49 235 49 246
50 0 50 11
50 14 50 25
50 27 50 38
50 40 50 51
50 53 50 64
50 66 50 77
50 79 50 90
50 92 50 103
50 105 50 116
50 118 50 129
50 131 50 142
50 144 50 155
50 157 50 168
50 170 50 181
50 188 50 199
50 201 50 212
50 215 50 226
50 228 50 239
51 0 51 11
51 13 51 24
51 26 51 37
51 39 51 50
51 52 51 63
51 65 51 76
51 78 51 89
51 91 51 102
51 110 51 121
51 125 51 136
51 140 51 151
51 153 51 164
51 166 51 177
51 179 51 190
51 192 51 203
51 205 51 216
51 218 51 229
51 231 51 242
52 0 52 11
52 13 52 24
52 26 52 37
52 39 52 50
52 62 52 73
52 79 52 90
52 92 52 103
52 105 52 116
52 118 52 129
52 131 52 142
52 144 52 155
52 157 52 168
52 170 52 181
52 183 52 194
52 196 52 207
52 209 52 220
52 222 52 233
52 235 52 246
53 0 53 11
53 13 53 24
53 26 53 37
53 41 53 52
53 54 53 65
53 71 53 82
53 84 53 95
53 97 53 108
53 112 53 123
53 125 53 136
53 138 53 149
53 151 53 162
53 164 53 175
53 190 53 201
53 203 53 214
53 216 53 227
54 0 54 11
54 13 54 24
54 26 54 37
54 39 54 50
54 52 54 63
54 65 54 76
54 78 54 89
54 91 54 102
54 105 54 116
54 118 54 129
54 131 54 142
54 144 54 155
54 158 54 169
54 171 54 182
54 186 54 197
54 199 54 210
54 212 54 223
54 225 54 236
54 238 54 249
55 0 55 11
55 14 55 25
55 27 55 38
55 40 55 51
55 63 55 74
55 76 55 87
55 89 55 100
55 102 55 113
55 115 55 126
55 128 55 139
55 141 55 152
55 154 55 165
55 167 55 178
55 180 55 191
55 193 55 204
55 206 55 217
55 219 55 230
55 235 55 246
56 0 56 11
56 13 56 24
56 26 56 37
56 45 56 56
56 58 56 69
56 85 56 96
56 98 56 109
56 117 56 128
56 130 56 141
56 143 56 154
56 156 56 167
56 169 56 180
56 185 56 196
56 205 56 216
56 218 56 229
56 231 56 242
57 0 57 11
57 13 57 24
57 29 57 40
57 42 57 53
57 55 57 66
57 69 57 80
57 82 57 93
57 95 57 106
57 108 57 119
57 121 57 132
57 136 57 147
57 149 57 160
57 162 57 173
57 175 57 186
57 188 57 199
57 205 57 216
57 220 57 231
57 234 57 245
58 0 58 11
58 14 58 25
58 27 58 38
58 45 58 56
58 60 58 71
58 73 58 84
58 86 58 97
58 102 58 113
58 115 58 126
58 128 58 139
58 144 58 155
58 161 58 172
58 174 58 185
58 187 58 198
58 200 58 211
58 213 58 224
58 226 58 237
59 0 59 11
59 13 59 24
59 26 59 37
59 39 59 50
59 52 59 63
59 65 59 76
59 78 59 89
59 91 59 102
59 110 59 121
59 123 59 134
59 137 59 148
59 150 59 161
59 165 59 176
59 178 59 189
59 191 59 202
59 204 59 215
59 217 59 228
59 230 59 241
60 0 60 11
60 13 60 24
60 28 60 39
60 43 60 54
60 56 60 67
60 69 60 80
60 82 60 93
60 95 60 106
60 110 60 121
60 123 60 134
60 140 60 151
60 153 60 164
60 166 60 177
60 179 60 190
60 192 60 203
60 211 60 222
60 228 60 239
61 6 61 17
61 19 61 30
61 36 61 47
61 50 61 61
61 63 61 74
61 76 61 87
61 100 61 111
61 119 61 130
61 132 61 143
61 145 61 156
61 158 61 169
61 171 61 182
61 190 61 201
61 203 61 214
61 216 61 227
61 229 61 240
62 0 62 11
62 13 62 24
62 31 62 42
62 44 62 55
62 57 62 68
62 72 62 83
62 85 62 96
62 98 62 109
62 116 62 127
62 129 62 140
62 142 62 153
62 155 62 166
62 168 62 179
62 181 62 192
62 194 62 205
62 207 62 218
62 220 62 231
62 233 62 244
63 0 63 11
63 13 63 24
63 26 63 37
63 39 63 50
63 52 63 63
63 78 63 89
63 91 63 102
63 104 63 115
63 132 63 143
63 145 63 156
63 158 63 169
63 172 63 183
63 185 63 196
63 201 63 212
63 214 63 225
63 227 63 238
64 4 64 15
64 17 64 28
64 30 64 41
64 43 64 54
64 56 64 67
64 69 64 80
64 85 64 96
64 98 64 109
64 111 64 122
64 124 64 135
64 143 64 154
64 156 64 167
64 169 64 180
64 182 64 193
64 201 64 212
64 214 64 225
64 227 64 238
65 1 65 12
65 14 65 25
65 28 65 39
65 41 65 52
65 54 65 65
65 67 65 78
65 86 65 97
65 105 65 116
65 118 65 129
65 131 65 142
65 144 65 155
65 157 65 168
65 171 65 182
65 186 65 197
65 199 65 210
65 213 65 224
65 238 65 249
66 3 66 14
66 22 66 33
66 35 66 46
66 48 66 59
66 62 66 73
66 75 66 86
66 88 66 99
66 101 66 112
66 114 66 125
66 127 66 138
66 140 66 151
66 153 66 164
66 166 66 177
66 179 66 190
66 192 66 203
66 205 66 216
66 219 66 230
66 232 66 243
67 0 67 11
67 13 67 24
67 26 67 37
67 39 67 50
67 52 67 63
67 68 67 79
67 81 67 92
67 94 67 105
67 107 67 118
67 120 67 131
67 133 67 144
67 146 67 157
67 159 67 170
67 173 67 184
67 186 67 197
67 201 67 212
67 214 67 225
67 227 67 238
68 0 68 11
68 13 68 24
68 26 68 37
68 39 68 50
68 52 68 63
68 65 68 76
68 78 68 89
68 91 68 102
68 104 68 115
68 117 68 128
68 130 68 141
68 143 68 154
68 156 68 167
68 169 68 180
68 182 68 193
68 195 68 206
68 208 68 219
68 221 68 232
68 234 68 245
69 0 69 11
69 13 69 24
69 26 69 37
69 39 69 50
69 52 69 63
69 65 69 76
69 84 69 95
69 97 69 108
69 110 69 121
69 123 69 134
69 136 69 147
69 149 69 160
69 162 69 173
69 178 69 189
69 191 69 202
69 205 69 216
69 218 69 229
69 233 69 244
70 0 70 11
70 14 70 25
70 28 70 39
70 41 70 52
70 54 70 65
70 67 70 78
70 80 70 91
70 99 70 110
70 115 70 126
70 128 70 139
70 141 70 152
70 154 70 165
70 167 70 178
70 180 70 191
70 193 70 204
70 206 70 217
70 219 70 230
70 233 70 244
71 0 71 11
71 13 71 24
71 26 71 37
71 39 71 50
71 52 71 63
71 65 71 76
71 78 71 89
71 91 71 102
71 105 71 116
71 118 71 129
71 131 71 142
71 144 71 155
71 164 71 175
71 177 71 188
71 190 71 201
71 203 71 214
71 216 71 227
72 0 72 11
72 13 72 24
72 26 72 37
72 39 72 50
72 52 72 63
72 65 72 76
72 78 72 89
72 91 72 102
72 104 72 115
72 118 72 129
72 131 72 142
72 144 72 155
72 157 72 168
72 170 72 181
72 183 72 194
72 206 72 217
72 219 72 230
72 232 72 243
73 1 73 12
73 14 73 25
73 27 73 38
73 40 73 51
73 53 73 64
73 66 73 77
73 79 73 90
73 92 73 103
73 105 73 116
73 118 73 129
73 131 73 142
73 156 73 167
73 169 73 180
73 182 73 193
73 195 73 206
73 208 73 219
73 221 73 232
73 234 73 245
74 0 74 11
74 13 74 24
74 26 74 37
74 42 74 53
74 55 74 66
74 68 74 79
74 81 74 92
74 97 74 108
74 110 74 121
74 123 74 134
74 136 74 147
74 166 74 177
74 179 74 190
74 192 74 203
74 205 74 216
74 218 74 229
74 233 74 244
75 2 75 13
75 15 75 26
75 28 75 39
75 41 75 52
75 54 75 65
75 67 75 78
75 80 75 91
75 94 75 105
75 107 75 118
75 120 75 131
75 133 75 144
75 146 75 157
75 159 75 170
75 172 75 183
75 185 75 196
75 198 75 209
75 225 75 236
75 238 75 249
76 0 76 11
76 13 76 24
76 26 76 37
76 39 76 50
76 52 76 63
76 65 76 76
76 78 76 89
76 94 76 105
76 109 76 120
76 122 76 133
76 135 76 146
76 156 76 167
76 170 76 181
76 183 76 194
76 196 76 207
76 209 76 220
76 224 76 235
77 0 77 11
77 13 77 24
77 26 77 37
77 45 77 56
77 58 77 69
77 71 77 82
77 87 77 98
77 100 77 111
77 113 77 124
77 126 77 137
77 139 77 150
77 155 77 166
77 172 77 183
77 185 77 196
77 198 77 209
77 213 77 224
77 226 77 237
78 0 78 11
78 13 78 24
78 26 78 37
78 39 78 50
78 52 78 63
78 65 78 76
78 78 78 89
78 91 78 102
78 104 78 115
78 118 78 129
78 131 78 142
78 151 78 162
78 164 78 175
78 177 78 188
78 191 78 202
78 204 78 215
78 217 78 228
78 230 78 241
79 0 79 11
79 13 79 24
79 26 79 37
79 39 79 50
79 52 79 63
79 65 79 76
79 78 79 89
79 91 79 102
79 104 79 115
79 118 79 129
79 131 79 142
79 152 79 163
79 165 79 176
79 178 79 189
79 191 79 202
79 204 79 215
79 217 79 228
79 230 79 241
80 0 80 11
80 13 80 24
80 26 80 37
80 40 80 51
80 54 80 65
80 81 80 92
80 94 80 105
80 107 80 118
80 120 80 131
80 133 80 144
80 146 80 157
80 159 80 170
80 174 80 185
80 187 80 198
80 201 80 212
80 214 80 225
80 227 80 238
81 0 81 11
81 13 81 24
81 26 81 37
81 41 81 52
81 54 81 65
81 67 81 78
81 81 81 92
81 94 81 105
81 107 81 118
81 120 81 131
81 133 81 144
81 148 81 159
81 162 81 173
81 175 81 186
81 190 81 201
81 203 81 214
81 219 81 230
81 237 81 248
82 0 82 11
82 13 82 24
82 26 82 37
82 39 82 50
82 52 82 63
82 65 82 76
82 78 82 89
82 91 82 102
82 104 82 115
82 117 82 128
82 131 82 142
82 151 82 162
82 164 82 175
82 177 82 188
82 198 82 209
82 217 82 228
82 233 82 244
83 0 83 11
83 13 83 24
83 26 83 37
83 39 83 50
83 52 83 63
83 65 83 76
83 83 83 94
83 96 83 107
83 109 83 120
83 122 83 133
83 135 83 146
83 148 83 159
83 163 83 174
83 176 83 187
83 189 83 200
83 202 83 213
83 216 83 227
83 229 83 240
84 0 84 11
84 13 84 24
84 26 84 37
84 39 84 50
84 52 84 63
84 65 84 76
84 78 84 89
84 91 84 102
84 104 84 115
84 117 84 128
84 130 84 141
84 145 84 156
84 166 84 177
84 179 84 190
84 192 84 203
84 205 84 216
84 218 84 229
84 231 84 242
85 1 85 12
85 18 85 29
85 37 85 48
85 65 85 76
85 84 85 95
85 97 85 108
85 110 85 121
85 123 85 134
85 139 85 150
85 152 85 163
85 165 85 176
85 180 85 191
85 202 85 213
85 215 85 226
85 231 85 242
86 9 86 20
86 22 86 33
86 35 86 46
86 48 86 59
86 61 86 72
86 74 86 85
86 87 86 98
86 102 86 113
86 122 86 133
86 135 86 146
86 148 86 159
86 161 86 172
86 174 86 185
86 187 86 198
86 200 86 211
86 213 86 224
86 226 86 237
87 0 87 11
87 13 87 24
87 26 87 37
87 39 87 50
87 52 87 63
87 72 87 83
87 85 87 96
87 98 87 109
87 111 87 122
87 124 87 135
87 137 87 148
87 154 87 165
87 170 87 181
87 183 87 194
87 196 87 207
87 209 87 220
87 222 87 233
87 235 87 246
88 0 88 11
88 16 88 27
88 29 88 40
88 42 88 53
88 55 88 66
88 68 88 79
88 81 88 92
88 94 88 105
88 107 88 118
88 121 88 132
88 146 88 157
88 159 88 170
88 172 88 183
88 185 88 196
88 202 88 213
88 217 88 228
88 230 88 241
89 0 89 11
89 13 89 24
89 27 89 38
89 40 89 51
89 53 89 64
89 67 89 78
89 80 89 91
89 93 89 104
89 108 89 119
89 121 89 132
89 134 89 145
89 147 89 158
89 161 89 172
89 174 89 185
89 187 89 198
89 201 89 212
89 215 89 226
89 228 89 239
90 0 90 11
90 17 90 28
90 36 90 47
90 54 90 65
90 67 90 78
90 80 90 91
90 95 90 106
90 108 90 119
90 121 90 132
90 134 90 145
90 147 90 158
90 160 90 171
90 175 90 186
90 188 90 199
90 212 90 223
90 225 90 236
90 238 90 249
91 1 91 12
91 17 91 28
91 30 91 41
91 43 91 54
91 57 91 68
91 70 91 81
91 83 91 94
91 96 91 107
91 109 91 120
91 122 91 133
91 135 91 146
91 148 91 159
91 161 91 172
91 174 91 185
91 187 91 198
91 200 91 211
91 226 91 237
92 0 92 11
92 13 92 24
92 26 92 37
92 39 92 50
92 52 92 63
92 65 92 76
92 78 92 89
92 91 92 102
92 104 92 115
92 117 92 128
92 130 92 141
92 160 92 171
92 179 92 190
92 192 92 203
92 209 92 220
92 222 92 233
92 236 92 247
93 0 93 11
93 13 93 24
93 26 93 37
93 39 93 50
93 52 93 63
93 65 93 76
93 78 93 89
93 91 93 102
93 104 93 115
93 121 93 132
93 134 93 145
93 147 93 158
93 160 93 171
93 173 93 184
93 186 93 197
93 199 93 210
93 212 93 223
93 231 93 242
94 5 94 16
94 18 94 29
94 31 94 42
94 44 94 55
94 57 94 68
94 70 94 81
94 83 94 94
94 96 94 107
94 109 94 120
94 122 94 133
94 135 94 146
94 149 94 160
94 162 94 173
94 175 94 186
94 188 94 199
94 201 94 212
94 214 94 225
94 228 94 239
95 0 95 11
95 13 95 24
95 29 95 40
95 42 95 53
95 55 95 66
95 73 95 84
95 86 95 97
95 99 95 110
95 112 95 123
95 125 95 136
95 138 95 149
95 151 95 162
95 164 95 175
95 177 95 188
95 190 95 201
95 203 95 214
95 216 95 227
95 229 95 240
96 0 96 11
96 13 96 24
96 26 96 37
96 39 96 50
96 52 96 63
96 65 96 76
96 78 96 89
96 91 96 102
96 104 96 115
96 117 96 128
96 130 96 141
96 143 96 154
96 158 96 169
96 171 96 182
96 187 96 198
96 200 96 211
96 213 96 224
96 226 96 237
97 0 97 11
97 13 97 24
97 26 97 37
97 39 97 50
97 52 97 63
97 69 97 80
97 82 97 93
97 95 97 106
97 109 97 120
97 122 97 133
97 135 97 146
97 148 97 159
97 161 97 172
97 174 97 185
97 187 97 198
97 200 97 211
97 213 97 224
97 226 97 237
98 8 98 19
98 21 98 32
98 35 98 46
98 48 98 59
98 61 98 72
98 74 98 85
98 89 98 100
98 102 98 113
98 115 98 126
98 128 98 139
98 141 98 152
98 154 98 165
98 167 98 178
98 180 98 191
98 193 98 204
98 206 98 217
98 219 98 230
98 232 98 243
99 0 99 11
99 13 99 24
99 26 99 37
99 39 99 50
99 52 99 63
99 65 99 76
99 78 99 89
99 99 99 110
99 115 99 126
99 128 99 139
99 141 99 152
99 154 99 165
99 167 99 178
99 180 99 191
99 193 99 204
99 206 99 217
99 219 99 230
99 232 99 243
100 0 100 11
100 13 100 24
100 26 100 37
100 39 100 50
100 52 100 63
100 65 100 76
100 79 100 90
100 93 100 104
100 106 100 117
100 119 100 130
100 132 100 143
100 145 100 156
100 158 100 169
100 171 100 182
100 195 100 206
100 208 100 219
100 225 100 236
101 0 101 11
101 13 101 24
101 26 101 37
101 42 101 53
101 55 101 66
101 68 101 79
101 81 101 92
101 94 101 105
101 111 101 122
101 124 101 135
101 137 101 148
101 150 101 161
101 163 101 174
101 178 101 189
101 191 101 202
101 209 101 220
101 222 101 233
101 235 101 246
102 0 102 11
102 13 102 24
102 26 102 37
102 45 102 56
102 58 102 69
102 71 102 82
102 86 102 97
102 99 102 110
102 112 102 123
102 125 102 136
102 138 102 149
102 157 102 168
102 170 102 181
102 187 102 198
102 200 102 211
102 213 102 224
102 226 102 237
103 0 103 11
103 13 103 24
103 28 103 39
103 41 103 52
103 54 103 65
103 68 103 79
103 81 103 92
103 106 103 117
103 119 103 130
103 132 103 143
103 145 103 156
103 158 103 169
103 171 103 182
103 184 103 195
103 197 103 208
103 210 103 221
103 223 103 234
103 236 103 247
104 0 104 11
104 13 104 24
104 26 104 37
104 39 104 50
104 52 104 63
104 65 104 76
104 78 104 89
104 96 104 107
104 123 104 134
104 136 104 147
104 149 104 160
104 162 104 173
104 175 104 186
104 198 104 209
104 211 104 222
104 224 104 235
104 237 104 248
105 6 105 17
105 20 105 31
105 33 105 44
105 46 105 57
105 69 105 80
105 82 105 93
105 95 105 106
105 111 105 122
105 124 105 135
105 137 105 148
105 150 105 161
105 163 105 174
105 176 105 187
105 189 105 200
105 202 105 213
105 215 105 226
105 228 105 239
106 0 106 11
106 13 106 24
106 26 106 37
106 39 106 50
106 52 106 63
106 74 106 85
106 87 106 98
106 100 106 111
106 113 106 124
106 126 106 137
106 139 106 150
106 152 106 163
106 165 106 176
106 178 106 189
106 194 106 205
106 207 106 218
106 227 106 238
107 0 107 11
107 14 107 25
107 27 107 38
107 40 107 51
107 54 107 65
107 69 107 80
107 82 107 93
107 95 107 106
107 108 107 119
107 121 107 132
107 134 107 145
107 153 107 164
107 173 107 184
107 186 107 197
107 213 107 224
107 226 107 237
108 0 108 11
108 15 108 26
108 28 108 39
108 41 108 52
108 54 108 65
108 67 108 78
108 80 108 91
108 97 108 108
108 110 108 121
108 123 108 134
108 139 108 150
108 152 108 163
108 166 108 177
108 179 108 190
108 192 108 203
108 205 108 216
108 218 108 229
108 231 108 242
109 0 109 11
109 13 109 24
109 36 109 47
109 49 109 60
109 62 109 73
109 75 109 86
109 88 109 99
109 101 109 112
109 115 109 126
109 134 109 145
109 148 109 159
109 161 109 172
109 174 109 185
109 187 109 198
109 203 109 214
109 216 109 227
109 232 109 243
110 0 110 11
110 13 110 24
110 26 110 37
110 39 110 50
110 52 110 63
110 65 110 76
110 79 110 90
110 92 110 103
110 105 110 116
110 118 110 129
110 131 110 142
110 144 110 155
110 157 110 168
110 170 110 181
110 183 110 194
110 206 110 217
110 220 110 231
110 233 110 244
111 0 111 11
111 13 111 24
111 26 111 37
111 39 111 50
111 52 111 63
111 65 111 76
111 79 111 90
111 92 111 103
111 105 111 116
111 121 111 132
111 134 111 145
111 150 111 161
111 163 111 174
111 176 111 187
111 189 111 200
111 202 111 213
111 215 111 226
111 235 111 246
112 12 112 23
112 32 112 43
112 45 112 56
112 58 112 69
112 71 112 82
112 86 112 97
112 99 112 110
112 112 112 123
112 125 112 136
112 138 112 149
112 163 112 174
112 176 112 187
112 189 112 200
112 202 112 213
112 216 112 227
112 229 112 240
113 0 113 11
113 18 113 29
113 31 113 42
113 44 113 55
113 57 113 68
113 71 113 82
113 84 113 95
113 97 113 108
113 110 113 121
113 123 113 134
113 136 113 147
113 149 113 160
113 162 113 173
113 175 113 186
113 188 113 199
113 201 113 212
113 214 113 225
113 227 113 238
114 0 114 11
114 14 114 25
114 27 114 38
114 49 114 60
114 62 114 73
114 76 114 87
114 89 114 100
114 108 114 119
114 122 114 133
114 135 114 146
114 158 114 169
114 171 114 182
114 184 114 195
114 197 114 208
114 210 114 221
114 223 114 234
114 236 114 247
115 0 115 11
115 13 115 24
115 26 115 37
115 40 115 51
115 53 115 64
115 66 115 77
115 79 115 90
115 92 115 103
115 105 115 116
115 118 115 129
115 131 115 142
115 144 115 155
115 157 115 168
115 170 115 181
115 188 115 199
115 201 115 212
115 216 115 227
115 232 115 243
116 0 116 11
116 13 116 24
116 26 116 37
116 39 116 50
116 52 116 63
116 65 116 76
116 78 116 89
116 91 116 102
116 104 116 115
116 117 116 128
116 130 116 141
116 143 116 154
116 169 116 180
116 182 116 193
116 204 116 215
116 217 116 228
116 230 116 241
117 4 117 15
117 26 117 37
117 39 117 50
117 52 117 63
117 65 117 76
117 78 117 89
117 91 117 102
117 104 117 115
117 117 117 128
117 131 117 142
117 144 117 155
117 157 117 168
117 175 117 186
117 188 117 199
117 202 117 213
117 215 117 226
117 229 117 240
118 1 118 12
118 14 118 25
118 31 118 42
118 46 118 57
118 59 118 70
118 72 118 83
118 90 118 101
118 103 118 114
118 118 118 129
118 132 118 143
118 145 118 156
118 158 118 169
118 171 118 182
118 184 118 195
118 197 118 208
118 210 118 221
118 223 118 234
118 236 118 247
119 0 119 11
119 13 119 24
119 26 119 37
119 41 119 52
119 54 119 65
119 68 119 79
119 81 119 92
119 95 119 106
119 108 119 119
119 121 119 132
119 134 119 145
119 147 119 158
119 160 119 171
119 173 119 184
119 186 119 197
119 199 119 210
119 212 119 223
119 225 119 236
119 238 119 249
120 3 120 14
120 16 120 27
120 29 120 40
120 42 120 53
120 56 120 67
120 70 120 81
120 83 120 94
120 96 120 107
120 117 120 128
120 132 120 143
120 145 120 156
120 160 120 171
120 173 120 184
120 186 120 197
120 199 120 210
120 212 120 223
120 225 120 236
121 0 121 11
121 13 121 24
121 27 121 38
121 40 121 51
121 53 121 64
121 66 121 77
121 79 121 90
121 92 121 103
121 105 121 116
121 118 121 129
121 131 121 142
121 151 121 162
121 166 121 177
121 179 121 190
121 192 121 203
121 205 121 216
121 218 121 229
121 231 121 242
122 0 122 11
122 13 122 24
122 30 122 41
122 54 122 65
122 67 122 78
122 80 122 91
122 94 122 105
122 107 122 118
122 120 122 131
122 133 122 144
122 149 122 160
122 165 122 176
122 186 122 197
122 202 122 213
122 215 122 226
122 228 122 239
123 6 123 17
123 19 123 30
123 37 123 48
123 50 123 61
123 63 123 74
123 76 123 87
123 89 123 100
123 102 123 113
123 115 123 126
123 131 123 142
123 146 123 157
123 159 123 170
123 172 123 183
123 185 123 196
123 198 123 209
123 211 123 222
123 224 123 235
123 237 123 248
124 4 124 15
124 19 124 30
124 34 124 45
124 49 124 60
124 62 124 73
124 84 124 95
124 97 124 108
124 110 124 121
124 128 124 139
124 141 124 152
124 154 124 165
124 167 124 178
124 180 124 191
124 193 124 204
124 206 124 217
124 219 124 230
124 235 124 246
125 0 125 11
125 24 125 35
125 41 125 52
125 54 125 65
125 67 125 78
125 80 125 91
125 93 125 104
125 107 125 118
125 120 125 131
125 133 125 144
125 146 125 157
125 159 125 170
125 176 125 187
125 192 125 203
125 206 125 217
125 223 125 234
125 236 125 247
126 0 126 11
126 13 126 24
126 26 126 37
126 73 126 84
126 88 126 99
126 103 126 114
126 117 126 128
126 130 126 141
126 146 126 157
126 159 126 170
126 176 126 187
126 189 126 200
126 202 126 213
126 215 126 226
126 228 126 239
127 3 127 14
127 16 127 27
127 30 127 41
127 43 127 54
127 63 127 74
127 80 127 91
127 93 127 104
127 106 127 117
127 127 127 138
127 140 127 151
127 153 127 164
127 177 127 188
127 190 127 201
127 204 127 215
127 217 127 228
127 232 127 243
128 0 128 11
128 13 128 24
128 26 128 37
128 39 128 50
128 55 128 66
128 68 128 79
128 91 128 102
128 104 128 115
128 117 128 128
128 130 128 141
128 143 128 154
128 156 128 167
128 169 128 180
128 182 128 193
128 197 128 208
128 210 128 221
128 223 128 234
128 236 128 247
129 0 129 11
129 13 129 24
129 26 129 37
129 41 129 52
129 58 129 69
129 73 129 84
129 86 129 97
129 99 129 110
129 112 129 123
129 125 129 136
129 138 129 149
129 151 129 162
129 164 129 175
129 177 129 188
129 190 129 201
129 203 129 214
129 216 129 227
129 231 129 242
130 2 130 13
130 16 130 27
130 29 130 40
130 42 130 53
130 55 130 66
130 68 130 79
130 82 130 93
130 96 130 107
130 109 130 120
130 136 130 147
130 153 130 164
130 167 130 178
130 180 130 191
130 193 130 204
130 206 130 217
130 219 130 230
130 232 130 243
131 0 131 11
131 23 131 34
131 36 131 47
131 49 131 60
131 62 131 73
131 75 131 86
131 88 131 99
131 101 131 112
131 117 131 128
131 141 131 152
131 154 131 165
131 167 131 178
131 180 131 191
131 193 131 204
131 206 131 217
131 219 131 230
131 232 131 243
132 0 132 11
132 15 132 26
132 28 132 39
132 41 132 52
132 54 132 65
132 67 132 78
132 80 132 91
132 93 132 104
132 106 132 117
132 130 132 141
132 144 132 155
132 157 132 168
132 170 132 181
132 186 132 197
132 199 132 210
132 212 132 223
132 225 132 236
133 0 133 11
133 20 133 31
133 33 133 44
133 46 133 57
133 59 133 70
133 72 133 83
133 86 133 97
133 99 133 110
133 112 133 123
133 126 133 137
133 139 133 150
133 152 133 163
133 170 133 181
133 188 133 199
133 201 133 212
133 214 133 225
133 227 133 238
134 5 134 16
134 18 134 29
134 31 134 42
134 44 134 55
134 57 134 68
134 70 134 81
134 85 134 96
134 99 134 110
134 117 134 128
134 130 134 141
134 143 134 154
134 156 134 167
134 169 134 180
134 182 134 193
134 195 134 206
134 208 134 219
134 221 134 232
134 234 134 245
135 6 135 17
135 25 135 36
135 38 135 49
135 51 135 62
135 64 135 75
135 77 135 88
135 90 135 101
135 103 135 114
135 116 135 127
135 143 135 154
135 156 135 167
135 173 135 184
135 186 135 197
135 204 135 215
135 217 135 228
135 230 135 241
136 0 136 11
136 13 136 24
136 26 136 37
136 39 136 50
136 52 136 63
136 65 136 76
136 78 136 89
136 91 136 102
136 104 136 115
136 117 136 128
136 133 136 144
136 146 136 157
136 159 136 170
136 172 136 183
136 185 136 196
136 201 136 212
136 214 136 225
136 228 136 239
137 21 137 32
137 34 137 45
137 50 137 61
137 63 137 74
137 76 137 87
137 89 137 100
137 106 137 117
137 124 137 135
137 138 137 149
137 151 137 162
137 164 137 175
137 177 137 188
137 192 137 203
137 205 137 216
137 218 137 229
137 232 137 243
138 0 138 11
138 15 138 26
138 28 138 39
138 41 138 52
138 54 138 65
138 67 138 78
138 80 138 91
138 93 138 104
138 122 138 133
138 135 138 146
138 148 138 159
138 161 138 172
138 174 138 185
138 187 138 198
138 200 138 211
138 213 138 224
138 226 138 237
139 0 139 11
139 13 139 24
139 29 139 40
139 42 139 53
139 55 139 66
139 69 139 80
139 82 139 93
139 99 139 110
139 112 139 123
139 125 139 136
139 151 139 162
139 164 139 175
139 177 139 188
139 199 139 210
139 212 139 223
139 225 139 236
139 238 139 249
140 0 140 11
140 15 140 26
140 28 140 39
140 41 140 52
140 54 140 65
140 67 140 78
140 80 140 91
140 97 140 108
140 110 140 121
140 123 140 134
140 138 140 149
140 151 140 162
140 164 140 175
140 179 140 190
140 192 140 203
140 205 140 216
140 226 140 237
141 0 141 11
141 13 141 24
141 26 141 37
141 39 141 50
141 57 141 68
141 70 141 81
141 85 141 96
141 100 141 111
141 113 141 124
141 126 141 137
141 139 141 150
141 152 141 163
141 165 141 176
141 178 141 189
141 193 141 204
141 206 141 217
141 219 141 230
141 232 141 243
142 0 142 11
142 13 142 24
142 26 142 37
142 39 142 50
142 52 142 63
142 68 142 79
142 81 142 92
142 94 142 105
142 107 142 118
142 120 142 131
142 133 142 144
142 146 142 157
142 161 142 172
142 174 142 185
142 189 142 200
142 202 142 213
142 215 142 226
142 228 142 239
143 0 143 11
143 13 143 24
143 26 143 37
143 39 143 50
143 54 143 65
143 71 143 82
143 85 143 96
143 98 143 109
143 111 143 122
143 124 143 135
143 137 143 148
143 150 143 161
143 163 143 174
143 176 143 187
143 189 143 200
143 202 143 213
143 215 143 226
143 228 143 239
144 0 144 11
144 13 144 24
144 26 144 37
144 39 144 50
144 52 144 63
144 72 144 83
144 85 144 96
144 98 144 109
144 111 144 122
144 124 144 135
144 137 144 148
144 150 144 161
144 163 144 174
144 176 144 187
144 189 144 200
144 202 144 213
144 215 144 226
144 230 144 241
145 0 145 11
145 13 145 24
145 26 145 37
145 39 145 50
145 52 145 63
145 65 145 76
145 78 145 89
145 91 145 102
145 106 145 117
145 119 145 130
145 132 145 143
145 145 145 156
145 158 145 169
145 172 145 183
145 185 145 196
145 198 145 209
145 216 145 227
145 235 145 246
146 0 146 11
146 19 146 30
146 32 146 43
146 45 146 56
146 58 146 69
146 71 146 82
146 84 146 95
146 97 146 108
146 110 146 121
146 123 146 134
146 136 146 147
146 162 146 173
146 175 146 186
146 188 146 199
146 201 146 212
146 214 146 225
146 227 146 238
147 0 147 11
147 13 147 24
147 26 147 37
147 39 147 50
147 52 147 63
147 65 147 76
147 78 147 89
147 91 147 102
147 108 147 119
147 123 147 134
147 136 147 147
147 149 147 160
147 163 147 174
147 176 147 187
147 189 147 200
147 202 147 213
147 215 147 226
147 228 147 239
148 0 148 11
148 24 148 35
148 37 148 48
148 51 148 62
148 64 148 75
148 81 148 92
148 94 148 105
148 107 148 118
148 120 148 131
148 134 148 145
148 150 148 161
148 163 148 174
148 176 148 187
148 189 148 200
148 202 148 213
148 222 148 233
148 235 148 246
149 0 149 11
149 13 149 24
149 26 149 37
149 39 149 50
149 52 149 63
149 74 149 85
149 98 149 109
149 111 149 122
149 124 149 135
149 137 149 148
149 150 149 161
149 163 149 174
149 177 149 188
149 190 149 201
149 203 149 214
149 216 149 227
149 229 149 240
150 1 150 12
150 18 150 29
150 42 150 53
150 56 150 67
150 69 150 80
150 86 150 97
150 99 150 110
150 112 150 123
150 125 150 136
150 138 150 149
150 151 150 162
150 164 150 175
150 178 150 189
150 191 150 202
150 204 150 215
150 217 150 228
150 230 150 241
151 2 151 13
151 15 151 26
151 28 151 39
151 41 151 52
151 54 151 65
151 67 151 78
151 80 151 91
151 93 151 104
151 106 151 117
151 119 151 130
151 132 151 143
151 146 151 157
151 170 151 181
151 189 151 200
151 203 151 214
151 216 151 227
151 237 151 248
152 0 152 11
152 14 152 25
152 27 152 38
152 40 152 51
152 57 152 68
152 70 152 81
152 88 152 99
152 101 152 112
152 114 152 125
152 127 152 138
152 140 152 151
152 153 152 164
152 178 152 189
152 193 152 204
152 206 152 217
152 219 152 230
152 232 152 243
153 0 153 11
153 13 153 24
153 26 153 37
153 39 153 50
153 52 153 63
153 65 153 76
153 78 153 89
153 101 153 112
153 114 153 125
153 127 153 138
153 140 153 151
153 158 153 169
153 171 153 182
153 184 153 195
153 197 153 208
153 214 153 225
153 233 153 244
154 0 154 11
154 13 154 24
154 26 154 37
154 39 154 50
154 52 154 63
154 65 154 76
154 79 154 90
154 92 154 103
154 106 154 117
154 119 154 130
154 139 154 150
154 152 154 163
154 165 154 176
154 178 154 189
154 191 154 202
154 204 154 215
154 218 154 229
154 233 154 244
155 0 155 11
155 14 155 25
155 32 155 43
155 46 155 57
155 59 155 70
155 72 155 83
155 88 155 99
155 101 155 112
155 114 155 125
155 127 155 138
155 140 155 151
155 153 155 164
155 166 155 177
155 179 155 190
155 193 155 204
155 206 155 217
155 224 155 235
155 237 155 248
156 4 156 15
156 22 156 33
156 35 156 46
156 50 156 61
156 63 156 74
156 76 156 87
156 91 156 102
156 104 156 115
156 117 156 128
156 130 156 141
156 143 156 154
156 156 156 167
156 169 156 180
156 182 156 193
156 196 156 207
156 209 156 220
156 222 156 233
156 235 156 246
157 6 157 17
157 19 157 30
157 32 157 43
157 45 157 56
157 58 157 69
157 71 157 82
157 89 157 100
157 103 157 114
157 116 157 127
157 129 157 140
157 142 157 153
157 161 157 172
157 174 157 185
157 187 157 198
157 200 157 211
157 217 157 228
157 230 157 241
158 0 158 11
158 13 158 24
158 26 158 37
158 39 158 50
158 52 158 63
158 65 158 76
158 78 158 89
158 91 158 102
158 104 158 115
158 117 158 128
158 130 158 141
158 143 158 154
158 156 158 167
158 169 158 180
158 182 158 193
158 197 158 208
158 210 158 221
158 223 158 234
158 238 158 249
159 0 159 11
159 13 159 24
159 29 159 40
159 42 159 53
159 55 159 66
159 70 159 81
159 83 159 94
159 96 159 107
159 109 159 120
159 125 159 136
159 138 159 149
159 151 159 162
159 164 159 175
159 177 159 188
159 190 159 201
159 203 159 214
159 216 159 227
159 229 159 240
160 2 160 13
160 15 160 26
160 28 160 39
160 41 160 52
160 54 160 65
160 67 160 78
160 80 160 91
160 93 160 104
160 106 160 117
160 119 160 130
160 134 160 145
160 149 160 160
160 162 160 173
160 175 160 186
160 191 160 202
160 204 160 215
160 222 160 233
160 235 160 246
161 0 161 11
161 17 161 28
161 30 161 41
161 46 161 57
161 59 161 70
161 72 161 83
161 85 161 96
161 98 161 109
161 111 161 122
161 124 161 135
161 137 161 148
161 150 161 161
161 163 161 174
161 182 161 193
161 195 161 206
161 208 161 219
161 221 161 232
161 234 161 245
162 0 162 11
162 13 162 24
162 26 162 37
162 39 162 50
162 52 162 63
162 65 162 76
162 81 162 92
162 94 162 105
162 107 162 118
162 120 162 131
162 133 162 144
162 146 162 157
162 159 162 170
162 172 162 183
162 185 162 196
162 198 162 209
162 211 162 222
162 224 162 235
162 237 162 248
163 0 163 11
163 13 163 24
163 26 163 37
163 39 163 50
163 52 163 63
163 65 163 76
163 78 163 89
163 91 163 102
163 104 163 115
163 117 163 128
163 132 163 143
163 145 163 156
163 158 163 169
163 171 163 182
163 189 163 200
163 202 163 213
163 215 163 226
163 231 163 242
164 0 164 11
164 13 164 24
164 26 164 37
164 54 164 65
164 67 164 78
164 83 164 94
164 96 164 107
164 109 164 120
164 122 164 133
164 135 164 146
164 148 164 159
164 161 164 172
164 174 164 185
164 187 164 198
164 200 164 211
164 213 164 224
164 226 164 237
165 3 165 14
165 16 165 27
165 29 165 40
165 42 165 53
165 65 165 76
165 78 165 89
165 91 165 102
165 104 165 115
165 117 165 128
165 132 165 143
165 145 165 156
165 158 165 169
165 171 165 182
165 184 165 195
165 200 165 211
165 213 165 224
165 226 165 237
166 1 166 12
166 14 166 25
166 31 166 42
166 46 166 57
166 59 166 70
166 72 166 83
166 96 166 107
166 109 166 120
166 122 166 133
166 135 166 146
166 148 166 159
166 164 166 175
166 182 166 193
166 195 166 206
166 208 166 219
166 222 166 233
166 235 166 246
167 0 167 11
167 13 167 24
167 26 167 37
167 41 167 52
167 54 167 65
167 67 167 78
167 83 167 94
167 96 167 107
167 123 167 134
167 136 167 147
167 149 167 160
167 162 167 173
167 175 167 186
167 192 167 203
167 205 167 216
167 218 167 229
167 238 167 249
168 4 168 15
168 17 168 28
168 30 168 41
168 43 168 54
168 56 168 67
168 69 168 80
168 82 168 93
168 95 168 106
168 108 168 119
168 121 168 132
168 134 168 145
168 147 168 158
168 160 168 171
168 173 168 184
168 186 168 197
168 199 168 210
168 212 168 223
168 225 168 236
168 238 168 249
169 0 169 11
169 13 169 24
169 26 169 37
169 39 169 50
169 52 169 63
169 65 169 76
169 78 169 89
169 91 169 102
169 107 169 118
169 122 169 133
169 135 169 146
169 148 169 159
169 161 169 172
169 174 169 185
169 187 169 198
169 200 169 211
169 215 169 226
169 228 169 239
170 0 170 11
170 13 170 24
170 29 170 40
170 42 170 53
170 55 170 66
170 68 170 79
170 90 170 101
170 104 170 115
170 117 170 128
170 130 170 141
170 143 170 154
170 156 170 167
170 169 170 180
170 182 170 193
170 195 170 206
170 208 170 219
170 221 170 232
170 236 170 247
171 0 171 11
171 14 171 25
171 27 171 38
171 40 171 51
171 53 171 64
171 66 171 77
171 81 171 92
171 94 171 105
171 107 171 118
171 120 171 131
171 133 171 144
171 146 171 157
171 160 171 171
171 173 171 184
171 186 171 197
171 200 171 211
171 223 171 234
171 236 171 247
172 0 172 11
172 13 172 24
172 26 172 37
172 39 172 50
172 52 172 63
172 65 172 76
172 78 172 89
172 91 172 102
172 105 172 116
172 118 172 129
172 131 172 142
172 144 172 155
172 157 172 168
172 170 172 181
172 183 172 194
172 211 172 222
172 224 172 235
172 237 172 248
173 2 173 13
173 15 173 26
173 35 173 46
173 48 173 59
173 61 173 72
173 74 173 85
173 87 173 98
173 100 173 111
173 113 173 124
173 126 173 137
173 139 173 150
173 152 173 163
173 173 173 184
173 186 173 197
173 199 173 210
173 212 173 223
173 225 173 236
174 1 174 12
174 14 174 25
174 27 174 38
174 40 174 51
174 53 174 64
174 66 174 77
174 79 174 90
174 92 174 103
174 115 174 126
174 128 174 139
174 141 174 152
174 159 174 170
174 172 174 183
174 187 174 198
174 204 174 215
174 227 174 238
175 0 175 11
175 13 175 24
175 26 175 37
175 39 175 50
175 52 175 63
175 65 175 76
175 78 175 89
175 91 175 102
175 104 175 115
175 117 175 128
175 131 175 142
175 144 175 155
175 157 175 168
175 170 175 181
175 183 175 194
175 198 175 209
175 211 175 222
175 224 175 235
175 238 175 249
176 0 176 11
176 13 176 24
176 26 176 37
176 39 176 50
176 52 176 63
176 65 176 76
176 78 176 89
176 91 176 102
176 104 176 115
176 117 176 128
176 130 176 141
176 143 176 154
176 162 176 173
176 180 176 191
176 193 176 204
176 206 176 217
176 219 176 230
176 232 176 243
177 1 177 12
177 14 177 25
177 27 177 38
177 43 177 54
177 61 177 72
177 74 177 85
177 87 177 98
177 100 177 111
177 113 177 124
177 126 177 137
177 139 177 150
177 152 177 163
177 165 177 176
177 181 177 192
177 194 177 205
177 207 177 218
177 226 177 237
178 0 178 11
178 14 178 25
178 27 178 38
178 40 178 51
178 53 178 64
178 66 178 77
178 79 178 90
178 92 178 103
178 107 178 118
178 126 178 137
178 139 178 150
178 152 178 163
178 165 178 176
178 183 178 194
178 196 178 207
178 209 178 220
178 222 178 233
178 238 178 249
179 0 179 11
179 13 179 24
179 26 179 37
179 39 179 50
179 52 179 63
179 66 179 77
179 79 179 90
179 92 179 103
179 106 179 117
179 119 179 130
179 132 179 143
179 146 179 157
179 160 179 171
179 173 179 184
179 186 179 197
179 199 179 210
179 212 179 223
179 225 179 236
179 238 179 249
180 0 180 11
180 13 180 24
180 26 180 37
180 39 180 50
180 52 180 63
180 65 180 76
180 78 180 89
180 91 180 102
180 104 180 115
180 117 180 128
180 130 180 141
180 143 180 154
180 156 180 167
180 169 180 180
180 182 180 193
180 195 180 206
180 208 180 219
180 221 180 232
180 234 180 245
181 0 181 11
181 13 181 24
181 26 181 37
181 40 181 51
181 53 181 64
181 66 181 77
181 79 181 90
181 92 181 103
181 105 181 116
181 118 181 129
181 134 181 145
181 153 181 164
181 170 181 181
181 184 181 195
181 202 181 213
181 215 181 226
181 228 181 239
182 0 182 11
182 13 182 24
182 26 182 37
182 44 182 55
182 58 182 69
182 71 182 82
182 84 182 95
182 97 182 108
182 110 182 121
182 125 182 136
182 138 182 149
182 152 182 163
182 165 182 176
182 178 182 189
182 195 182 206
182 208 182 219
182 221 182 232
182 234 182 245
183 0 183 11
183 13 183 24
183 26 183 37
183 56 183 67
183 69 183 80
183 82 183 93
183 95 183 106
183 108 183 119
183 129 183 140
183 146 183 157
183 159 183 170
183 173 183 184
183 186 183 197
183 201 183 212
183 214 183 225
183 233 183 244
184 0 184 11
184 13 184 24
184 26 184 37
184 47 184 58
184 60 184 71
184 73 184 84
184 86 184 97
184 99 184 110
184 112 184 123
184 125 184 136
184 138 184 149
184 151 184 162
184 164 184 175
184 177 184 188
184 190 184 201
184 203 184 214
184 216 184 227
184 229 184 240
185 10 185 21
185 23 185 34
185 36 185 47
185 49 185 60
185 62 185 73
185 84 185 95
185 98 185 109
185 111 185 122
185 124 185 135
185 137 185 148
185 150 185 161
185 163 185 174
185 181 185 192
185 194 185 205
185 207 185 218
185 220 185 231
185 233 185 244
186 0 186 11
186 13 186 24
186 26 186 37
186 39 186 50
186 52 186 63
186 66 186 77
186 83 186 94
186 96 186 107
186 109 186 120
186 122 186 133
186 135 186 146
186 148 186 159
186 161 186 172
186 174 186 185
186 187 186 198
186 200 186 211
186 213 186 224
186 226 186 237
187 0 187 11
187 13 187 24
187 26 187 37
187 42 187 53
187 55 187 66
187 68 187 79
187 81 187 92
187 94 187 105
187 107 187 118
187 120 187 131
187 133 187 144
187 146 187 157
187 159 187 170
187 172 187 183
187 185 187 196
187 198 187 209
187 211 187 222
187 224 187 235
187 237 187 248
188 0 188 11
188 13 188 24
188 26 188 37
188 45 188 56
188 58 188 69
188 71 188 82
188 84 188 95
188 97 188 108
188 110 188 121
188 123 188 134
188 136 188 147
188 149 188 160
188 162 188 173
188 175 188 186
188 192 188 203
188 205 188 216
188 218 188 229
188 231 188 242
189 0 189 11
189 13 189 24
189 26 189 37
189 39 189 50
189 56 189 67
189 69 189 80
189 82 189 93
189 95 189 106
189 108 189 119
189 122 189 133
189 135 189 146
189 148 189 159
189 166 189 177
189 179 189 190
189 192 189 203
189 205 189 216
189 221 189 232
189 234 189 245
190 0 190 11
190 13 190 24
190 26 190 37
190 39 190 50
190 54 190 65
190 67 190 78
190 80 190 91
190 100 190 111
190 113 190 124
190 137 190 148
190 150 190 161
190 163 190 174
190 176 190 187
190 189 190 200
190 202 190 213
190 215 190 226
190 228 190 239
191 0 191 11
191 13 191 24
191 37 191 48
191 58 191 69
191 71 191 82
191 84 191 95
191 97 191 108
191 110 191 121
191 128 191 139
191 141 191 152
191 160 191 171
191 173 191 184
191 186 191 197
191 199 191 210
191 212 191 223
191 225 191 236
191 238 191 249
192 0 192 11
192 18 192 29
192 31 192 42
192 44 192 55
192 57 192 68
192 73 192 84
192 86 192 97
192 99 192 110
192 112 192 123
192 125 192 136
192 138 192 149
192 154 192 165
192 167 192 178
192 193 192 204
192 206 192 217
192 219 192 230
192 232 192 243
193 0 193 11
193 13 193 24
193 26 193 37
193 39 193 50
193 52 193 63
193 67 193 78
193 80 193 91
193 95 193 106
193 109 193 120
193 122 193 133
193 137 193 148
193 150 193 161
193 163 193 174
193 176 193 187
193 189 193 200
193 202 193 213
193 215 193 226
193 228 193 239
194 1 194 12
194 19 194 30
194 32 194 43
194 45 194 56
194 58 194 69
194 71 194 82
194 88 194 99
194 102 194 113
194 115 194 126
194 128 194 139
194 141 194 152
194 154 194 165
194 167 194 178
194 183 194 194
194 196 194 207
194 209 194 220
194 222 194 233
194 235 194 246
195 0 195 11
195 13 195 24
195 26 195 37
195 41 195 52
195 54 195 65
195 67 195 78
195 80 195 91
195 93 195 104
195 106 195 117
195 119 195 130
195 132 195 143
195 150 195 161
195 163 195 174
195 176 195 187
195 189 195 200
195 205 195 216
195 219 195 230
195 232 195 243
196 0 196 11
196 13 196 24
196 32 196 43
196 45 196 56
196 58 196 69
196 71 196 82
196 84 196 95
196 98 196 109
196 111 196 122
196 124 196 135
196 137 196 148
196 150 196 161
196 163 196 174
196 176 196 187
196 192 196 203
196 205 196 216
196 218 196 229
196 231 196 242
197 4 197 15
197 17 197 28
197 30 197 41
197 43 197 54
197 60 197 71
197 73 197 84
197 88 197 99
197 101 197 112
197 114 197 125
197 127 197 138
197 149 197 160
197 163 197 174
197 176 197 187
197 195 197 206
197 208 197 219
197 221 197 232
197 234 197 245
198 0 198 11
198 13 198 24
198 34 198 45
198 54 198 65
198 67 198 78
198 80 198 91
198 93 198 104
198 106 198 117
198 119 198 130
198 132 198 143
198 145 198 156
198 158 198 169
198 176 198 187
198 189 198 200
198 205 198 216
198 218 198 229
198 231 198 242
199 1 199 12
199 24 199 35
199 40 199 51
199 53 199 64
199 66 199 77
199 84 199 95
199 97 199 108
199 110 199 121
199 123 199 134
199 136 199 147
199 149 199 160
199 167 199 178
199 180 199 191
199 193 199 204
199 206 199 217
199 219 199 230
199 232 199 243
